2020-06-05 14:52:06,135 : ERROR : Worker-1 :  : RepositoryManager :  :  : MetaNode alexnet' from plugin 'org.knime.ext.dl4j.base' could not be created: org/deeplearning4j/nn/api/Model
java.lang.NoClassDefFoundError: org/deeplearning4j/nn/api/Model
	at java.lang.Class.getDeclaredMethods0(Native Method)
	at java.lang.Class.privateGetDeclaredMethods(Class.java:2701)
	at java.lang.Class.privateGetMethodRecursive(Class.java:3048)
	at java.lang.Class.getMethod0(Class.java:3018)
	at java.lang.Class.getMethod(Class.java:1784)
	at org.knime.core.node.port.PortType.getPortObjectSpecClass(PortType.java:293)
	at org.knime.core.node.port.PortType.<init>(PortType.java:114)
	at org.knime.core.node.port.PortTypeRegistry.createPortTypes(PortTypeRegistry.java:161)
	at org.knime.core.node.port.PortTypeRegistry.getPortType(PortTypeRegistry.java:198)
	at org.knime.core.node.port.PortTypeRegistry.getPortType(PortTypeRegistry.java:177)
	at org.knime.ext.dl4j.base.DLModelPortObject.<clinit>(DLModelPortObject.java:83)
	at java.lang.Class.forName0(Native Method)
	at java.lang.Class.forName(Class.java:264)
	at org.knime.core.node.port.PortType.load(PortType.java:266)
	at org.knime.core.node.port.PortType.load(PortType.java:249)
	at org.knime.core.node.workflow.FileWorkflowPersistor.loadOutPortTemplate(FileWorkflowPersistor.java:1711)
	at org.knime.core.node.workflow.FileWorkflowPersistor.preLoadNodeContainer(FileWorkflowPersistor.java:712)
	at org.knime.core.node.workflow.WorkflowManager.load(WorkflowManager.java:7866)
	at org.knime.core.node.workflow.WorkflowManager.load(WorkflowManager.java:7795)
	at org.knime.workbench.repository.RepositoryFactory.loadMetaNode(RepositoryFactory.java:219)
	at org.knime.workbench.repository.RepositoryFactory.createMetaNode(RepositoryFactory.java:167)
	at org.knime.workbench.repository.RepositoryManager.readMetanodes(RepositoryManager.java:223)
	at org.knime.workbench.repository.RepositoryManager.readRepository(RepositoryManager.java:179)
	at org.knime.workbench.repository.RepositoryManager.getRoot(RepositoryManager.java:644)
	at org.knime.workbench.repository.RepositoryManager.getRoot(RepositoryManager.java:657)
	at org.knime.workbench.workflowcoach.ui.WorkflowCoachView$3.run(WorkflowCoachView.java:268)
	at org.eclipse.core.internal.jobs.Worker.run(Worker.java:56)
Caused by: java.lang.ClassNotFoundException: An error occurred while automatically activating bundle org.knime.ext.dl4j.libs (499).
	at org.eclipse.osgi.internal.hooks.EclipseLazyStarter.postFindLocalClass(EclipseLazyStarter.java:112)
	at org.eclipse.osgi.internal.loader.classpath.ClasspathManager.findLocalClass(ClasspathManager.java:529)
	at org.eclipse.osgi.internal.loader.ModuleClassLoader.findLocalClass(ModuleClassLoader.java:328)
	at org.eclipse.osgi.internal.loader.BundleLoader.findLocalClass(BundleLoader.java:368)
	at org.eclipse.osgi.internal.loader.sources.SingleSourcePackage.loadClass(SingleSourcePackage.java:36)
	at org.eclipse.osgi.internal.loader.BundleLoader.findClassInternal(BundleLoader.java:442)
	at org.eclipse.osgi.internal.loader.BundleLoader.findClass(BundleLoader.java:395)
	at org.eclipse.osgi.internal.loader.BundleLoader.findClass(BundleLoader.java:387)
	at org.eclipse.osgi.internal.loader.ModuleClassLoader.loadClass(ModuleClassLoader.java:150)
	at java.lang.ClassLoader.loadClass(ClassLoader.java:357)
	... 27 more
Caused by: org.osgi.framework.BundleException: Exception in org.knime.ext.dl4j.libs.DL4JPluginActivator.start() of bundle org.knime.ext.dl4j.libs.
	at org.eclipse.osgi.internal.framework.BundleContextImpl.startActivator(BundleContextImpl.java:800)
	at org.eclipse.osgi.internal.framework.BundleContextImpl.start(BundleContextImpl.java:729)
	at org.eclipse.osgi.internal.framework.EquinoxBundle.startWorker0(EquinoxBundle.java:933)
	at org.eclipse.osgi.internal.framework.EquinoxBundle$EquinoxModule.startWorker(EquinoxBundle.java:309)
	at org.eclipse.osgi.container.Module.doStart(Module.java:581)
	at org.eclipse.osgi.container.Module.start(Module.java:449)
	at org.eclipse.osgi.framework.util.SecureAction.start(SecureAction.java:468)
	at org.eclipse.osgi.internal.hooks.EclipseLazyStarter.postFindLocalClass(EclipseLazyStarter.java:103)
	... 36 more
Caused by: java.lang.Exception: Backend Fragment for: CPU could not be found.
	at org.knime.ext.dl4j.libs.DL4JPluginActivator.start(DL4JPluginActivator.java:170)
	at org.eclipse.osgi.internal.framework.BundleContextImpl$3.run(BundleContextImpl.java:779)
	at org.eclipse.osgi.internal.framework.BundleContextImpl$3.run(BundleContextImpl.java:1)
	at java.security.AccessController.doPrivileged(Native Method)
	at org.eclipse.osgi.internal.framework.BundleContextImpl.startActivator(BundleContextImpl.java:772)
	... 43 more
2020-06-05 14:52:06,271 : ERROR : Worker-1 :  : RepositoryManager :  :  : MetaNode deepmlp' from plugin 'org.knime.ext.dl4j.base' could not be created: Could not initialize class org.knime.ext.dl4j.base.DLModelPortObject
java.lang.NoClassDefFoundError: Could not initialize class org.knime.ext.dl4j.base.DLModelPortObject
	at java.lang.Class.forName0(Native Method)
	at java.lang.Class.forName(Class.java:264)
	at org.knime.core.node.port.PortType.load(PortType.java:266)
	at org.knime.core.node.port.PortType.load(PortType.java:249)
	at org.knime.core.node.workflow.FileWorkflowPersistor.loadOutPortTemplate(FileWorkflowPersistor.java:1711)
	at org.knime.core.node.workflow.FileWorkflowPersistor.preLoadNodeContainer(FileWorkflowPersistor.java:712)
	at org.knime.core.node.workflow.WorkflowManager.load(WorkflowManager.java:7866)
	at org.knime.core.node.workflow.WorkflowManager.load(WorkflowManager.java:7795)
	at org.knime.workbench.repository.RepositoryFactory.loadMetaNode(RepositoryFactory.java:219)
	at org.knime.workbench.repository.RepositoryFactory.createMetaNode(RepositoryFactory.java:167)
	at org.knime.workbench.repository.RepositoryManager.readMetanodes(RepositoryManager.java:223)
	at org.knime.workbench.repository.RepositoryManager.readRepository(RepositoryManager.java:179)
	at org.knime.workbench.repository.RepositoryManager.getRoot(RepositoryManager.java:644)
	at org.knime.workbench.repository.RepositoryManager.getRoot(RepositoryManager.java:657)
	at org.knime.workbench.workflowcoach.ui.WorkflowCoachView$3.run(WorkflowCoachView.java:268)
	at org.eclipse.core.internal.jobs.Worker.run(Worker.java:56)
2020-06-05 14:52:06,293 : ERROR : Worker-1 :  : RepositoryManager :  :  : MetaNode lenet' from plugin 'org.knime.ext.dl4j.base' could not be created: Could not initialize class org.knime.ext.dl4j.base.DLModelPortObject
java.lang.NoClassDefFoundError: Could not initialize class org.knime.ext.dl4j.base.DLModelPortObject
	at java.lang.Class.forName0(Native Method)
	at java.lang.Class.forName(Class.java:264)
	at org.knime.core.node.port.PortType.load(PortType.java:266)
	at org.knime.core.node.port.PortType.load(PortType.java:249)
	at org.knime.core.node.workflow.FileWorkflowPersistor.loadOutPortTemplate(FileWorkflowPersistor.java:1711)
	at org.knime.core.node.workflow.FileWorkflowPersistor.preLoadNodeContainer(FileWorkflowPersistor.java:712)
	at org.knime.core.node.workflow.WorkflowManager.load(WorkflowManager.java:7866)
	at org.knime.core.node.workflow.WorkflowManager.load(WorkflowManager.java:7795)
	at org.knime.workbench.repository.RepositoryFactory.loadMetaNode(RepositoryFactory.java:219)
	at org.knime.workbench.repository.RepositoryFactory.createMetaNode(RepositoryFactory.java:167)
	at org.knime.workbench.repository.RepositoryManager.readMetanodes(RepositoryManager.java:223)
	at org.knime.workbench.repository.RepositoryManager.readRepository(RepositoryManager.java:179)
	at org.knime.workbench.repository.RepositoryManager.getRoot(RepositoryManager.java:644)
	at org.knime.workbench.repository.RepositoryManager.getRoot(RepositoryManager.java:657)
	at org.knime.workbench.workflowcoach.ui.WorkflowCoachView$3.run(WorkflowCoachView.java:268)
	at org.eclipse.core.internal.jobs.Worker.run(Worker.java:56)
2020-06-05 14:52:06,366 : ERROR : Worker-1 :  : RepositoryManager :  :  : MetaNode simplemlp' from plugin 'org.knime.ext.dl4j.base' could not be created: Could not initialize class org.knime.ext.dl4j.base.DLModelPortObject
java.lang.NoClassDefFoundError: Could not initialize class org.knime.ext.dl4j.base.DLModelPortObject
	at java.lang.Class.forName0(Native Method)
	at java.lang.Class.forName(Class.java:264)
	at org.knime.core.node.port.PortType.load(PortType.java:266)
	at org.knime.core.node.port.PortType.load(PortType.java:249)
	at org.knime.core.node.workflow.FileWorkflowPersistor.loadOutPortTemplate(FileWorkflowPersistor.java:1711)
	at org.knime.core.node.workflow.FileWorkflowPersistor.preLoadNodeContainer(FileWorkflowPersistor.java:712)
	at org.knime.core.node.workflow.WorkflowManager.load(WorkflowManager.java:7866)
	at org.knime.core.node.workflow.WorkflowManager.load(WorkflowManager.java:7795)
	at org.knime.workbench.repository.RepositoryFactory.loadMetaNode(RepositoryFactory.java:219)
	at org.knime.workbench.repository.RepositoryFactory.createMetaNode(RepositoryFactory.java:167)
	at org.knime.workbench.repository.RepositoryManager.readMetanodes(RepositoryManager.java:223)
	at org.knime.workbench.repository.RepositoryManager.readRepository(RepositoryManager.java:179)
	at org.knime.workbench.repository.RepositoryManager.getRoot(RepositoryManager.java:644)
	at org.knime.workbench.repository.RepositoryManager.getRoot(RepositoryManager.java:657)
	at org.knime.workbench.workflowcoach.ui.WorkflowCoachView$3.run(WorkflowCoachView.java:268)
	at org.eclipse.core.internal.jobs.Worker.run(Worker.java:56)
2020-06-05 14:52:06,487 : ERROR : Worker-1 :  : RepositoryManager :  :  : MetaNode deepbelief' from plugin 'org.knime.ext.dl4j.base' could not be created: Could not initialize class org.knime.ext.dl4j.base.DLModelPortObject
java.lang.NoClassDefFoundError: Could not initialize class org.knime.ext.dl4j.base.DLModelPortObject
	at java.lang.Class.forName0(Native Method)
	at java.lang.Class.forName(Class.java:264)
	at org.knime.core.node.port.PortType.load(PortType.java:266)
	at org.knime.core.node.port.PortType.load(PortType.java:249)
	at org.knime.core.node.workflow.FileWorkflowPersistor.loadOutPortTemplate(FileWorkflowPersistor.java:1711)
	at org.knime.core.node.workflow.FileWorkflowPersistor.preLoadNodeContainer(FileWorkflowPersistor.java:712)
	at org.knime.core.node.workflow.WorkflowManager.load(WorkflowManager.java:7866)
	at org.knime.core.node.workflow.WorkflowManager.load(WorkflowManager.java:7795)
	at org.knime.workbench.repository.RepositoryFactory.loadMetaNode(RepositoryFactory.java:219)
	at org.knime.workbench.repository.RepositoryFactory.createMetaNode(RepositoryFactory.java:167)
	at org.knime.workbench.repository.RepositoryManager.readMetanodes(RepositoryManager.java:223)
	at org.knime.workbench.repository.RepositoryManager.readRepository(RepositoryManager.java:179)
	at org.knime.workbench.repository.RepositoryManager.getRoot(RepositoryManager.java:644)
	at org.knime.workbench.repository.RepositoryManager.getRoot(RepositoryManager.java:657)
	at org.knime.workbench.workflowcoach.ui.WorkflowCoachView$3.run(WorkflowCoachView.java:268)
	at org.eclipse.core.internal.jobs.Worker.run(Worker.java:56)
2020-06-05 14:52:06,882 : ERROR : Worker-1 :  : CategorySorter :  :  : CODING PROBLEM	After-ID 'FVarFVIfSwitchNodeFactory' of [com.vernalis.knime.flowcontrol.nodes.fv.varvalifswitch.FlowVarFvvalIfSwitchNodeFactory2] does not exist - in plug-in com.vernalis.knime.flowcontrol
2020-06-05 14:52:06,882 : ERROR : Worker-1 :  : CategorySorter :  :  : CODING PROBLEM	After-ID 'FlowVarFvvalIfSwitchNodeFactory' of [com.vernalis.knime.flowcontrol.nodes.fv.endif.FlowVarEndIfNodeFactory] does not exist - in plug-in com.vernalis.knime.flowcontrol
2020-06-05 14:52:06,883 : ERROR : Worker-1 :  : CategorySorter :  :  : CODING PROBLEM	After-ID 'DatabaseIfSwitchNodeFactory' of [com.vernalis.knime.flowcontrol.nodes.db.varvalifswitch.DataBaseFvvalIfSwitchNodeFactory2] does not exist - in plug-in com.vernalis.knime.flowcontrol
2020-06-05 14:52:06,883 : ERROR : Worker-1 :  : CategorySorter :  :  : CODING PROBLEM	After-ID 'DatabaseCaseSelectNodeFactory' of [com.vernalis.knime.flowcontrol.nodes.db.endcase.DatabaseEndCaseNodeFactory] does not exist - in plug-in com.vernalis.knime.flowcontrol
2020-06-05 14:52:06,883 : ERROR : Worker-1 :  : CategorySorter :  :  : CODING PROBLEM	After-ID 'DatabaseEndIfNodeFactory' of [com.vernalis.knime.flowcontrol.nodes.db.caseselect.DatabaseCaseSelectNodeFactory] does not exist - in plug-in com.vernalis.knime.flowcontrol
2020-06-05 14:52:06,884 : ERROR : Worker-1 :  : CategorySorter :  :  : CODING PROBLEM	After-ID 'DataBaseFvvalIfSwitchNodeFactory' of [com.vernalis.knime.flowcontrol.nodes.db.endif.DatabaseEndIfNodeFactory] does not exist - in plug-in com.vernalis.knime.flowcontrol
2020-06-05 14:52:06,886 : ERROR : Worker-1 :  : CategorySorter :  :  : CODING PROBLEM	After-ID 'RCSBsDownloadNodeFactory' of [com.vernalis.rcsb.io.nodes.manip.RCSBmultiDownload2NodeFactory] does not exist - in plug-in com.vernalis.knime.pdbconnector
2020-06-05 14:52:06,886 : ERROR : Worker-1 :  : CategorySorter :  :  : CODING PROBLEM	After-ID 'LocalPDBLoadNodeFactory2' of [com.vernalis.nodes.io.pdb.savelocal.SavePDBLocalNodeFactory] does not exist - in plug-in com.vernalis.knime
2020-06-05 14:52:06,886 : ERROR : Worker-1 :  : CategorySorter :  :  : CODING PROBLEM	After-ID 'SavePDBLocalNodeFactory' of [com.vernalis.nodes.pdb.props.PdbPropertiesNodeFactory] does not exist - in plug-in com.vernalis.knime
2020-06-05 14:52:06,890 : ERROR : Worker-3 :  : CategorySorter :  :  : CODING PROBLEM	After-ID 'social-media' of [Id: report Name: Reporting After-id: social-media] does not exist - in plug-in org.knime.base
2020-06-05 14:52:07,539 : ERROR : Worker-3 :  : CategorySorter :  :  : CODING PROBLEM	After-ID 'fps' of [Id: misc Name: Miscellaneous After-id: fps] does not exist - in plug-in com.vernalis.knime
2020-06-05 14:52:17,462 : WARN  : Worker-4 :  : WorkflowCoachView :  :  : Could not update node recommendations statistics.
java.io.IOException: Downloaded file doesn't contain node recommendation data.
	at org.knime.workbench.workflowcoach.data.AbstractFileDownloadTripleProvider.checkDownloadedFile(AbstractFileDownloadTripleProvider.java:190)
	at org.knime.workbench.workflowcoach.data.AbstractFileDownloadTripleProvider.update(AbstractFileDownloadTripleProvider.java:169)
	at org.knime.workbench.workflowcoach.prefs.UpdateJob.run(UpdateJob.java:132)
	at org.eclipse.core.internal.jobs.Worker.run(Worker.java:56)
2020-06-05 15:53:32,438 : ERROR : Worker-1 :  : RepositoryManager :  :  : MetaNode alexnet' from plugin 'org.knime.ext.dl4j.base' could not be created: org/deeplearning4j/nn/api/Model
java.lang.NoClassDefFoundError: org/deeplearning4j/nn/api/Model
	at java.lang.Class.getDeclaredMethods0(Native Method)
	at java.lang.Class.privateGetDeclaredMethods(Class.java:2701)
	at java.lang.Class.privateGetMethodRecursive(Class.java:3048)
	at java.lang.Class.getMethod0(Class.java:3018)
	at java.lang.Class.getMethod(Class.java:1784)
	at org.knime.core.node.port.PortType.getPortObjectSpecClass(PortType.java:293)
	at org.knime.core.node.port.PortType.<init>(PortType.java:114)
	at org.knime.core.node.port.PortTypeRegistry.createPortTypes(PortTypeRegistry.java:161)
	at org.knime.core.node.port.PortTypeRegistry.getPortType(PortTypeRegistry.java:198)
	at org.knime.core.node.port.PortTypeRegistry.getPortType(PortTypeRegistry.java:177)
	at org.knime.ext.dl4j.base.DLModelPortObject.<clinit>(DLModelPortObject.java:83)
	at java.lang.Class.forName0(Native Method)
	at java.lang.Class.forName(Class.java:264)
	at org.knime.core.node.port.PortType.load(PortType.java:266)
	at org.knime.core.node.port.PortType.load(PortType.java:249)
	at org.knime.core.node.workflow.FileWorkflowPersistor.loadOutPortTemplate(FileWorkflowPersistor.java:1711)
	at org.knime.core.node.workflow.FileWorkflowPersistor.preLoadNodeContainer(FileWorkflowPersistor.java:712)
	at org.knime.core.node.workflow.WorkflowManager.load(WorkflowManager.java:7866)
	at org.knime.core.node.workflow.WorkflowManager.load(WorkflowManager.java:7795)
	at org.knime.workbench.repository.RepositoryFactory.loadMetaNode(RepositoryFactory.java:219)
	at org.knime.workbench.repository.RepositoryFactory.createMetaNode(RepositoryFactory.java:167)
	at org.knime.workbench.repository.RepositoryManager.readMetanodes(RepositoryManager.java:223)
	at org.knime.workbench.repository.RepositoryManager.readRepository(RepositoryManager.java:179)
	at org.knime.workbench.repository.RepositoryManager.getRoot(RepositoryManager.java:644)
	at org.knime.workbench.repository.RepositoryManager.getRoot(RepositoryManager.java:657)
	at org.knime.workbench.workflowcoach.ui.WorkflowCoachView$3.run(WorkflowCoachView.java:268)
	at org.eclipse.core.internal.jobs.Worker.run(Worker.java:56)
Caused by: java.lang.ClassNotFoundException: An error occurred while automatically activating bundle org.knime.ext.dl4j.libs (499).
	at org.eclipse.osgi.internal.hooks.EclipseLazyStarter.postFindLocalClass(EclipseLazyStarter.java:112)
	at org.eclipse.osgi.internal.loader.classpath.ClasspathManager.findLocalClass(ClasspathManager.java:529)
	at org.eclipse.osgi.internal.loader.ModuleClassLoader.findLocalClass(ModuleClassLoader.java:328)
	at org.eclipse.osgi.internal.loader.BundleLoader.findLocalClass(BundleLoader.java:368)
	at org.eclipse.osgi.internal.loader.sources.SingleSourcePackage.loadClass(SingleSourcePackage.java:36)
	at org.eclipse.osgi.internal.loader.BundleLoader.findClassInternal(BundleLoader.java:442)
	at org.eclipse.osgi.internal.loader.BundleLoader.findClass(BundleLoader.java:395)
	at org.eclipse.osgi.internal.loader.BundleLoader.findClass(BundleLoader.java:387)
	at org.eclipse.osgi.internal.loader.ModuleClassLoader.loadClass(ModuleClassLoader.java:150)
	at java.lang.ClassLoader.loadClass(ClassLoader.java:357)
	... 27 more
Caused by: org.osgi.framework.BundleException: Exception in org.knime.ext.dl4j.libs.DL4JPluginActivator.start() of bundle org.knime.ext.dl4j.libs.
	at org.eclipse.osgi.internal.framework.BundleContextImpl.startActivator(BundleContextImpl.java:800)
	at org.eclipse.osgi.internal.framework.BundleContextImpl.start(BundleContextImpl.java:729)
	at org.eclipse.osgi.internal.framework.EquinoxBundle.startWorker0(EquinoxBundle.java:933)
	at org.eclipse.osgi.internal.framework.EquinoxBundle$EquinoxModule.startWorker(EquinoxBundle.java:309)
	at org.eclipse.osgi.container.Module.doStart(Module.java:581)
	at org.eclipse.osgi.container.Module.start(Module.java:449)
	at org.eclipse.osgi.framework.util.SecureAction.start(SecureAction.java:468)
	at org.eclipse.osgi.internal.hooks.EclipseLazyStarter.postFindLocalClass(EclipseLazyStarter.java:103)
	... 36 more
Caused by: java.lang.Exception: Backend Fragment for: CPU could not be found.
	at org.knime.ext.dl4j.libs.DL4JPluginActivator.start(DL4JPluginActivator.java:170)
	at org.eclipse.osgi.internal.framework.BundleContextImpl$3.run(BundleContextImpl.java:779)
	at org.eclipse.osgi.internal.framework.BundleContextImpl$3.run(BundleContextImpl.java:1)
	at java.security.AccessController.doPrivileged(Native Method)
	at org.eclipse.osgi.internal.framework.BundleContextImpl.startActivator(BundleContextImpl.java:772)
	... 43 more
2020-06-05 15:53:32,455 : ERROR : Worker-1 :  : RepositoryManager :  :  : MetaNode deepmlp' from plugin 'org.knime.ext.dl4j.base' could not be created: Could not initialize class org.knime.ext.dl4j.base.DLModelPortObject
java.lang.NoClassDefFoundError: Could not initialize class org.knime.ext.dl4j.base.DLModelPortObject
	at java.lang.Class.forName0(Native Method)
	at java.lang.Class.forName(Class.java:264)
	at org.knime.core.node.port.PortType.load(PortType.java:266)
	at org.knime.core.node.port.PortType.load(PortType.java:249)
	at org.knime.core.node.workflow.FileWorkflowPersistor.loadOutPortTemplate(FileWorkflowPersistor.java:1711)
	at org.knime.core.node.workflow.FileWorkflowPersistor.preLoadNodeContainer(FileWorkflowPersistor.java:712)
	at org.knime.core.node.workflow.WorkflowManager.load(WorkflowManager.java:7866)
	at org.knime.core.node.workflow.WorkflowManager.load(WorkflowManager.java:7795)
	at org.knime.workbench.repository.RepositoryFactory.loadMetaNode(RepositoryFactory.java:219)
	at org.knime.workbench.repository.RepositoryFactory.createMetaNode(RepositoryFactory.java:167)
	at org.knime.workbench.repository.RepositoryManager.readMetanodes(RepositoryManager.java:223)
	at org.knime.workbench.repository.RepositoryManager.readRepository(RepositoryManager.java:179)
	at org.knime.workbench.repository.RepositoryManager.getRoot(RepositoryManager.java:644)
	at org.knime.workbench.repository.RepositoryManager.getRoot(RepositoryManager.java:657)
	at org.knime.workbench.workflowcoach.ui.WorkflowCoachView$3.run(WorkflowCoachView.java:268)
	at org.eclipse.core.internal.jobs.Worker.run(Worker.java:56)
2020-06-05 15:53:32,467 : ERROR : Worker-1 :  : RepositoryManager :  :  : MetaNode lenet' from plugin 'org.knime.ext.dl4j.base' could not be created: Could not initialize class org.knime.ext.dl4j.base.DLModelPortObject
java.lang.NoClassDefFoundError: Could not initialize class org.knime.ext.dl4j.base.DLModelPortObject
	at java.lang.Class.forName0(Native Method)
	at java.lang.Class.forName(Class.java:264)
	at org.knime.core.node.port.PortType.load(PortType.java:266)
	at org.knime.core.node.port.PortType.load(PortType.java:249)
	at org.knime.core.node.workflow.FileWorkflowPersistor.loadOutPortTemplate(FileWorkflowPersistor.java:1711)
	at org.knime.core.node.workflow.FileWorkflowPersistor.preLoadNodeContainer(FileWorkflowPersistor.java:712)
	at org.knime.core.node.workflow.WorkflowManager.load(WorkflowManager.java:7866)
	at org.knime.core.node.workflow.WorkflowManager.load(WorkflowManager.java:7795)
	at org.knime.workbench.repository.RepositoryFactory.loadMetaNode(RepositoryFactory.java:219)
	at org.knime.workbench.repository.RepositoryFactory.createMetaNode(RepositoryFactory.java:167)
	at org.knime.workbench.repository.RepositoryManager.readMetanodes(RepositoryManager.java:223)
	at org.knime.workbench.repository.RepositoryManager.readRepository(RepositoryManager.java:179)
	at org.knime.workbench.repository.RepositoryManager.getRoot(RepositoryManager.java:644)
	at org.knime.workbench.repository.RepositoryManager.getRoot(RepositoryManager.java:657)
	at org.knime.workbench.workflowcoach.ui.WorkflowCoachView$3.run(WorkflowCoachView.java:268)
	at org.eclipse.core.internal.jobs.Worker.run(Worker.java:56)
2020-06-05 15:53:32,483 : ERROR : Worker-1 :  : RepositoryManager :  :  : MetaNode simplemlp' from plugin 'org.knime.ext.dl4j.base' could not be created: Could not initialize class org.knime.ext.dl4j.base.DLModelPortObject
java.lang.NoClassDefFoundError: Could not initialize class org.knime.ext.dl4j.base.DLModelPortObject
	at java.lang.Class.forName0(Native Method)
	at java.lang.Class.forName(Class.java:264)
	at org.knime.core.node.port.PortType.load(PortType.java:266)
	at org.knime.core.node.port.PortType.load(PortType.java:249)
	at org.knime.core.node.workflow.FileWorkflowPersistor.loadOutPortTemplate(FileWorkflowPersistor.java:1711)
	at org.knime.core.node.workflow.FileWorkflowPersistor.preLoadNodeContainer(FileWorkflowPersistor.java:712)
	at org.knime.core.node.workflow.WorkflowManager.load(WorkflowManager.java:7866)
	at org.knime.core.node.workflow.WorkflowManager.load(WorkflowManager.java:7795)
	at org.knime.workbench.repository.RepositoryFactory.loadMetaNode(RepositoryFactory.java:219)
	at org.knime.workbench.repository.RepositoryFactory.createMetaNode(RepositoryFactory.java:167)
	at org.knime.workbench.repository.RepositoryManager.readMetanodes(RepositoryManager.java:223)
	at org.knime.workbench.repository.RepositoryManager.readRepository(RepositoryManager.java:179)
	at org.knime.workbench.repository.RepositoryManager.getRoot(RepositoryManager.java:644)
	at org.knime.workbench.repository.RepositoryManager.getRoot(RepositoryManager.java:657)
	at org.knime.workbench.workflowcoach.ui.WorkflowCoachView$3.run(WorkflowCoachView.java:268)
	at org.eclipse.core.internal.jobs.Worker.run(Worker.java:56)
2020-06-05 15:53:32,509 : ERROR : Worker-1 :  : RepositoryManager :  :  : MetaNode deepbelief' from plugin 'org.knime.ext.dl4j.base' could not be created: Could not initialize class org.knime.ext.dl4j.base.DLModelPortObject
java.lang.NoClassDefFoundError: Could not initialize class org.knime.ext.dl4j.base.DLModelPortObject
	at java.lang.Class.forName0(Native Method)
	at java.lang.Class.forName(Class.java:264)
	at org.knime.core.node.port.PortType.load(PortType.java:266)
	at org.knime.core.node.port.PortType.load(PortType.java:249)
	at org.knime.core.node.workflow.FileWorkflowPersistor.loadOutPortTemplate(FileWorkflowPersistor.java:1711)
	at org.knime.core.node.workflow.FileWorkflowPersistor.preLoadNodeContainer(FileWorkflowPersistor.java:712)
	at org.knime.core.node.workflow.WorkflowManager.load(WorkflowManager.java:7866)
	at org.knime.core.node.workflow.WorkflowManager.load(WorkflowManager.java:7795)
	at org.knime.workbench.repository.RepositoryFactory.loadMetaNode(RepositoryFactory.java:219)
	at org.knime.workbench.repository.RepositoryFactory.createMetaNode(RepositoryFactory.java:167)
	at org.knime.workbench.repository.RepositoryManager.readMetanodes(RepositoryManager.java:223)
	at org.knime.workbench.repository.RepositoryManager.readRepository(RepositoryManager.java:179)
	at org.knime.workbench.repository.RepositoryManager.getRoot(RepositoryManager.java:644)
	at org.knime.workbench.repository.RepositoryManager.getRoot(RepositoryManager.java:657)
	at org.knime.workbench.workflowcoach.ui.WorkflowCoachView$3.run(WorkflowCoachView.java:268)
	at org.eclipse.core.internal.jobs.Worker.run(Worker.java:56)
2020-06-05 15:53:33,197 : ERROR : Worker-1 :  : CategorySorter :  :  : CODING PROBLEM	After-ID 'FVarFVIfSwitchNodeFactory' of [com.vernalis.knime.flowcontrol.nodes.fv.varvalifswitch.FlowVarFvvalIfSwitchNodeFactory2] does not exist - in plug-in com.vernalis.knime.flowcontrol
2020-06-05 15:53:33,197 : ERROR : Worker-1 :  : CategorySorter :  :  : CODING PROBLEM	After-ID 'FlowVarFvvalIfSwitchNodeFactory' of [com.vernalis.knime.flowcontrol.nodes.fv.endif.FlowVarEndIfNodeFactory] does not exist - in plug-in com.vernalis.knime.flowcontrol
2020-06-05 15:53:33,197 : ERROR : Worker-1 :  : CategorySorter :  :  : CODING PROBLEM	After-ID 'DatabaseIfSwitchNodeFactory' of [com.vernalis.knime.flowcontrol.nodes.db.varvalifswitch.DataBaseFvvalIfSwitchNodeFactory2] does not exist - in plug-in com.vernalis.knime.flowcontrol
2020-06-05 15:53:33,197 : ERROR : Worker-1 :  : CategorySorter :  :  : CODING PROBLEM	After-ID 'DatabaseCaseSelectNodeFactory' of [com.vernalis.knime.flowcontrol.nodes.db.endcase.DatabaseEndCaseNodeFactory] does not exist - in plug-in com.vernalis.knime.flowcontrol
2020-06-05 15:53:33,197 : ERROR : Worker-1 :  : CategorySorter :  :  : CODING PROBLEM	After-ID 'DatabaseEndIfNodeFactory' of [com.vernalis.knime.flowcontrol.nodes.db.caseselect.DatabaseCaseSelectNodeFactory] does not exist - in plug-in com.vernalis.knime.flowcontrol
2020-06-05 15:53:33,197 : ERROR : Worker-1 :  : CategorySorter :  :  : CODING PROBLEM	After-ID 'DataBaseFvvalIfSwitchNodeFactory' of [com.vernalis.knime.flowcontrol.nodes.db.endif.DatabaseEndIfNodeFactory] does not exist - in plug-in com.vernalis.knime.flowcontrol
2020-06-05 15:53:33,199 : ERROR : Worker-1 :  : CategorySorter :  :  : CODING PROBLEM	After-ID 'RCSBsDownloadNodeFactory' of [com.vernalis.rcsb.io.nodes.manip.RCSBmultiDownload2NodeFactory] does not exist - in plug-in com.vernalis.knime.pdbconnector
2020-06-05 15:53:33,199 : ERROR : Worker-1 :  : CategorySorter :  :  : CODING PROBLEM	After-ID 'LocalPDBLoadNodeFactory2' of [com.vernalis.nodes.io.pdb.savelocal.SavePDBLocalNodeFactory] does not exist - in plug-in com.vernalis.knime
2020-06-05 15:53:33,199 : ERROR : Worker-1 :  : CategorySorter :  :  : CODING PROBLEM	After-ID 'SavePDBLocalNodeFactory' of [com.vernalis.nodes.pdb.props.PdbPropertiesNodeFactory] does not exist - in plug-in com.vernalis.knime
2020-06-05 15:53:33,201 : ERROR : Worker-4 :  : CategorySorter :  :  : CODING PROBLEM	After-ID 'social-media' of [Id: report Name: Reporting After-id: social-media] does not exist - in plug-in org.knime.base
2020-06-05 15:53:34,367 : ERROR : Worker-4 :  : CategorySorter :  :  : CODING PROBLEM	After-ID 'fps' of [Id: misc Name: Miscellaneous After-id: fps] does not exist - in plug-in com.vernalis.knime
2020-06-05 15:55:55,394 : WARN  : main :  : Node : Strings To Document : 2:2 : Name of selected title column can't be empty.
2020-06-05 15:58:24,540 : WARN  : main :  : Node : Dictionary Tagger : 2:3 : Auto guessing: Using column 'Document' as DocumentValue column.
2020-06-05 15:58:24,541 : WARN  : main :  : Node : Dictionary Tagger : 2:3 : Auto guessing: Using column 'term' as StringValue column.
2020-06-05 15:58:24,541 : WARN  : main :  : Node : Dictionary Tagger : 2:3 : Auto select: Using  'OpenNLP English WordTokenizer' as word tokenizer based on incoming documents.
2020-06-05 15:59:03,748 : WARN  : main :  : Node : Document Viewer : 2:5 : Auto guessing: Using column 'Document' as DocumentValue column.
2020-06-05 17:27:19,726 : ERROR : Worker-0 :  : RepositoryManager :  :  : MetaNode alexnet' from plugin 'org.knime.ext.dl4j.base' could not be created: org/deeplearning4j/nn/api/Model
java.lang.NoClassDefFoundError: org/deeplearning4j/nn/api/Model
	at java.lang.Class.getDeclaredMethods0(Native Method)
	at java.lang.Class.privateGetDeclaredMethods(Class.java:2701)
	at java.lang.Class.privateGetMethodRecursive(Class.java:3048)
	at java.lang.Class.getMethod0(Class.java:3018)
	at java.lang.Class.getMethod(Class.java:1784)
	at org.knime.core.node.port.PortType.getPortObjectSpecClass(PortType.java:293)
	at org.knime.core.node.port.PortType.<init>(PortType.java:114)
	at org.knime.core.node.port.PortTypeRegistry.createPortTypes(PortTypeRegistry.java:161)
	at org.knime.core.node.port.PortTypeRegistry.getPortType(PortTypeRegistry.java:198)
	at org.knime.core.node.port.PortTypeRegistry.getPortType(PortTypeRegistry.java:177)
	at org.knime.ext.dl4j.base.DLModelPortObject.<clinit>(DLModelPortObject.java:83)
	at java.lang.Class.forName0(Native Method)
	at java.lang.Class.forName(Class.java:264)
	at org.knime.core.node.port.PortType.load(PortType.java:266)
	at org.knime.core.node.port.PortType.load(PortType.java:249)
	at org.knime.core.node.workflow.FileWorkflowPersistor.loadOutPortTemplate(FileWorkflowPersistor.java:1711)
	at org.knime.core.node.workflow.FileWorkflowPersistor.preLoadNodeContainer(FileWorkflowPersistor.java:712)
	at org.knime.core.node.workflow.WorkflowManager.load(WorkflowManager.java:7866)
	at org.knime.core.node.workflow.WorkflowManager.load(WorkflowManager.java:7795)
	at org.knime.workbench.repository.RepositoryFactory.loadMetaNode(RepositoryFactory.java:219)
	at org.knime.workbench.repository.RepositoryFactory.createMetaNode(RepositoryFactory.java:167)
	at org.knime.workbench.repository.RepositoryManager.readMetanodes(RepositoryManager.java:223)
	at org.knime.workbench.repository.RepositoryManager.readRepository(RepositoryManager.java:179)
	at org.knime.workbench.repository.RepositoryManager.getRoot(RepositoryManager.java:644)
	at org.knime.workbench.repository.RepositoryManager.getRoot(RepositoryManager.java:657)
	at org.knime.workbench.workflowcoach.ui.WorkflowCoachView$3.run(WorkflowCoachView.java:268)
	at org.eclipse.core.internal.jobs.Worker.run(Worker.java:56)
Caused by: java.lang.ClassNotFoundException: An error occurred while automatically activating bundle org.knime.ext.dl4j.libs (499).
	at org.eclipse.osgi.internal.hooks.EclipseLazyStarter.postFindLocalClass(EclipseLazyStarter.java:112)
	at org.eclipse.osgi.internal.loader.classpath.ClasspathManager.findLocalClass(ClasspathManager.java:529)
	at org.eclipse.osgi.internal.loader.ModuleClassLoader.findLocalClass(ModuleClassLoader.java:328)
	at org.eclipse.osgi.internal.loader.BundleLoader.findLocalClass(BundleLoader.java:368)
	at org.eclipse.osgi.internal.loader.sources.SingleSourcePackage.loadClass(SingleSourcePackage.java:36)
	at org.eclipse.osgi.internal.loader.BundleLoader.findClassInternal(BundleLoader.java:442)
	at org.eclipse.osgi.internal.loader.BundleLoader.findClass(BundleLoader.java:395)
	at org.eclipse.osgi.internal.loader.BundleLoader.findClass(BundleLoader.java:387)
	at org.eclipse.osgi.internal.loader.ModuleClassLoader.loadClass(ModuleClassLoader.java:150)
	at java.lang.ClassLoader.loadClass(ClassLoader.java:357)
	... 27 more
Caused by: org.osgi.framework.BundleException: Exception in org.knime.ext.dl4j.libs.DL4JPluginActivator.start() of bundle org.knime.ext.dl4j.libs.
	at org.eclipse.osgi.internal.framework.BundleContextImpl.startActivator(BundleContextImpl.java:800)
	at org.eclipse.osgi.internal.framework.BundleContextImpl.start(BundleContextImpl.java:729)
	at org.eclipse.osgi.internal.framework.EquinoxBundle.startWorker0(EquinoxBundle.java:933)
	at org.eclipse.osgi.internal.framework.EquinoxBundle$EquinoxModule.startWorker(EquinoxBundle.java:309)
	at org.eclipse.osgi.container.Module.doStart(Module.java:581)
	at org.eclipse.osgi.container.Module.start(Module.java:449)
	at org.eclipse.osgi.framework.util.SecureAction.start(SecureAction.java:468)
	at org.eclipse.osgi.internal.hooks.EclipseLazyStarter.postFindLocalClass(EclipseLazyStarter.java:103)
	... 36 more
Caused by: java.lang.Exception: Backend Fragment for: CPU could not be found.
	at org.knime.ext.dl4j.libs.DL4JPluginActivator.start(DL4JPluginActivator.java:170)
	at org.eclipse.osgi.internal.framework.BundleContextImpl$3.run(BundleContextImpl.java:779)
	at org.eclipse.osgi.internal.framework.BundleContextImpl$3.run(BundleContextImpl.java:1)
	at java.security.AccessController.doPrivileged(Native Method)
	at org.eclipse.osgi.internal.framework.BundleContextImpl.startActivator(BundleContextImpl.java:772)
	... 43 more
2020-06-05 17:27:19,752 : ERROR : Worker-0 :  : RepositoryManager :  :  : MetaNode deepmlp' from plugin 'org.knime.ext.dl4j.base' could not be created: Could not initialize class org.knime.ext.dl4j.base.DLModelPortObject
java.lang.NoClassDefFoundError: Could not initialize class org.knime.ext.dl4j.base.DLModelPortObject
	at java.lang.Class.forName0(Native Method)
	at java.lang.Class.forName(Class.java:264)
	at org.knime.core.node.port.PortType.load(PortType.java:266)
	at org.knime.core.node.port.PortType.load(PortType.java:249)
	at org.knime.core.node.workflow.FileWorkflowPersistor.loadOutPortTemplate(FileWorkflowPersistor.java:1711)
	at org.knime.core.node.workflow.FileWorkflowPersistor.preLoadNodeContainer(FileWorkflowPersistor.java:712)
	at org.knime.core.node.workflow.WorkflowManager.load(WorkflowManager.java:7866)
	at org.knime.core.node.workflow.WorkflowManager.load(WorkflowManager.java:7795)
	at org.knime.workbench.repository.RepositoryFactory.loadMetaNode(RepositoryFactory.java:219)
	at org.knime.workbench.repository.RepositoryFactory.createMetaNode(RepositoryFactory.java:167)
	at org.knime.workbench.repository.RepositoryManager.readMetanodes(RepositoryManager.java:223)
	at org.knime.workbench.repository.RepositoryManager.readRepository(RepositoryManager.java:179)
	at org.knime.workbench.repository.RepositoryManager.getRoot(RepositoryManager.java:644)
	at org.knime.workbench.repository.RepositoryManager.getRoot(RepositoryManager.java:657)
	at org.knime.workbench.workflowcoach.ui.WorkflowCoachView$3.run(WorkflowCoachView.java:268)
	at org.eclipse.core.internal.jobs.Worker.run(Worker.java:56)
2020-06-05 17:27:19,763 : ERROR : Worker-0 :  : RepositoryManager :  :  : MetaNode lenet' from plugin 'org.knime.ext.dl4j.base' could not be created: Could not initialize class org.knime.ext.dl4j.base.DLModelPortObject
java.lang.NoClassDefFoundError: Could not initialize class org.knime.ext.dl4j.base.DLModelPortObject
	at java.lang.Class.forName0(Native Method)
	at java.lang.Class.forName(Class.java:264)
	at org.knime.core.node.port.PortType.load(PortType.java:266)
	at org.knime.core.node.port.PortType.load(PortType.java:249)
	at org.knime.core.node.workflow.FileWorkflowPersistor.loadOutPortTemplate(FileWorkflowPersistor.java:1711)
	at org.knime.core.node.workflow.FileWorkflowPersistor.preLoadNodeContainer(FileWorkflowPersistor.java:712)
	at org.knime.core.node.workflow.WorkflowManager.load(WorkflowManager.java:7866)
	at org.knime.core.node.workflow.WorkflowManager.load(WorkflowManager.java:7795)
	at org.knime.workbench.repository.RepositoryFactory.loadMetaNode(RepositoryFactory.java:219)
	at org.knime.workbench.repository.RepositoryFactory.createMetaNode(RepositoryFactory.java:167)
	at org.knime.workbench.repository.RepositoryManager.readMetanodes(RepositoryManager.java:223)
	at org.knime.workbench.repository.RepositoryManager.readRepository(RepositoryManager.java:179)
	at org.knime.workbench.repository.RepositoryManager.getRoot(RepositoryManager.java:644)
	at org.knime.workbench.repository.RepositoryManager.getRoot(RepositoryManager.java:657)
	at org.knime.workbench.workflowcoach.ui.WorkflowCoachView$3.run(WorkflowCoachView.java:268)
	at org.eclipse.core.internal.jobs.Worker.run(Worker.java:56)
2020-06-05 17:27:19,780 : ERROR : Worker-0 :  : RepositoryManager :  :  : MetaNode simplemlp' from plugin 'org.knime.ext.dl4j.base' could not be created: Could not initialize class org.knime.ext.dl4j.base.DLModelPortObject
java.lang.NoClassDefFoundError: Could not initialize class org.knime.ext.dl4j.base.DLModelPortObject
	at java.lang.Class.forName0(Native Method)
	at java.lang.Class.forName(Class.java:264)
	at org.knime.core.node.port.PortType.load(PortType.java:266)
	at org.knime.core.node.port.PortType.load(PortType.java:249)
	at org.knime.core.node.workflow.FileWorkflowPersistor.loadOutPortTemplate(FileWorkflowPersistor.java:1711)
	at org.knime.core.node.workflow.FileWorkflowPersistor.preLoadNodeContainer(FileWorkflowPersistor.java:712)
	at org.knime.core.node.workflow.WorkflowManager.load(WorkflowManager.java:7866)
	at org.knime.core.node.workflow.WorkflowManager.load(WorkflowManager.java:7795)
	at org.knime.workbench.repository.RepositoryFactory.loadMetaNode(RepositoryFactory.java:219)
	at org.knime.workbench.repository.RepositoryFactory.createMetaNode(RepositoryFactory.java:167)
	at org.knime.workbench.repository.RepositoryManager.readMetanodes(RepositoryManager.java:223)
	at org.knime.workbench.repository.RepositoryManager.readRepository(RepositoryManager.java:179)
	at org.knime.workbench.repository.RepositoryManager.getRoot(RepositoryManager.java:644)
	at org.knime.workbench.repository.RepositoryManager.getRoot(RepositoryManager.java:657)
	at org.knime.workbench.workflowcoach.ui.WorkflowCoachView$3.run(WorkflowCoachView.java:268)
	at org.eclipse.core.internal.jobs.Worker.run(Worker.java:56)
2020-06-05 17:27:19,798 : ERROR : Worker-0 :  : RepositoryManager :  :  : MetaNode deepbelief' from plugin 'org.knime.ext.dl4j.base' could not be created: Could not initialize class org.knime.ext.dl4j.base.DLModelPortObject
java.lang.NoClassDefFoundError: Could not initialize class org.knime.ext.dl4j.base.DLModelPortObject
	at java.lang.Class.forName0(Native Method)
	at java.lang.Class.forName(Class.java:264)
	at org.knime.core.node.port.PortType.load(PortType.java:266)
	at org.knime.core.node.port.PortType.load(PortType.java:249)
	at org.knime.core.node.workflow.FileWorkflowPersistor.loadOutPortTemplate(FileWorkflowPersistor.java:1711)
	at org.knime.core.node.workflow.FileWorkflowPersistor.preLoadNodeContainer(FileWorkflowPersistor.java:712)
	at org.knime.core.node.workflow.WorkflowManager.load(WorkflowManager.java:7866)
	at org.knime.core.node.workflow.WorkflowManager.load(WorkflowManager.java:7795)
	at org.knime.workbench.repository.RepositoryFactory.loadMetaNode(RepositoryFactory.java:219)
	at org.knime.workbench.repository.RepositoryFactory.createMetaNode(RepositoryFactory.java:167)
	at org.knime.workbench.repository.RepositoryManager.readMetanodes(RepositoryManager.java:223)
	at org.knime.workbench.repository.RepositoryManager.readRepository(RepositoryManager.java:179)
	at org.knime.workbench.repository.RepositoryManager.getRoot(RepositoryManager.java:644)
	at org.knime.workbench.repository.RepositoryManager.getRoot(RepositoryManager.java:657)
	at org.knime.workbench.workflowcoach.ui.WorkflowCoachView$3.run(WorkflowCoachView.java:268)
	at org.eclipse.core.internal.jobs.Worker.run(Worker.java:56)
2020-06-05 17:27:20,431 : ERROR : Worker-0 :  : CategorySorter :  :  : CODING PROBLEM	After-ID 'FVarFVIfSwitchNodeFactory' of [com.vernalis.knime.flowcontrol.nodes.fv.varvalifswitch.FlowVarFvvalIfSwitchNodeFactory2] does not exist - in plug-in com.vernalis.knime.flowcontrol
2020-06-05 17:27:20,432 : ERROR : Worker-0 :  : CategorySorter :  :  : CODING PROBLEM	After-ID 'FlowVarFvvalIfSwitchNodeFactory' of [com.vernalis.knime.flowcontrol.nodes.fv.endif.FlowVarEndIfNodeFactory] does not exist - in plug-in com.vernalis.knime.flowcontrol
2020-06-05 17:27:20,432 : ERROR : Worker-0 :  : CategorySorter :  :  : CODING PROBLEM	After-ID 'DatabaseIfSwitchNodeFactory' of [com.vernalis.knime.flowcontrol.nodes.db.varvalifswitch.DataBaseFvvalIfSwitchNodeFactory2] does not exist - in plug-in com.vernalis.knime.flowcontrol
2020-06-05 17:27:20,432 : ERROR : Worker-0 :  : CategorySorter :  :  : CODING PROBLEM	After-ID 'DatabaseCaseSelectNodeFactory' of [com.vernalis.knime.flowcontrol.nodes.db.endcase.DatabaseEndCaseNodeFactory] does not exist - in plug-in com.vernalis.knime.flowcontrol
2020-06-05 17:27:20,432 : ERROR : Worker-0 :  : CategorySorter :  :  : CODING PROBLEM	After-ID 'DatabaseEndIfNodeFactory' of [com.vernalis.knime.flowcontrol.nodes.db.caseselect.DatabaseCaseSelectNodeFactory] does not exist - in plug-in com.vernalis.knime.flowcontrol
2020-06-05 17:27:20,432 : ERROR : Worker-0 :  : CategorySorter :  :  : CODING PROBLEM	After-ID 'DataBaseFvvalIfSwitchNodeFactory' of [com.vernalis.knime.flowcontrol.nodes.db.endif.DatabaseEndIfNodeFactory] does not exist - in plug-in com.vernalis.knime.flowcontrol
2020-06-05 17:27:20,436 : ERROR : Worker-0 :  : CategorySorter :  :  : CODING PROBLEM	After-ID 'RCSBsDownloadNodeFactory' of [com.vernalis.rcsb.io.nodes.manip.RCSBmultiDownload2NodeFactory] does not exist - in plug-in com.vernalis.knime.pdbconnector
2020-06-05 17:27:20,436 : ERROR : Worker-0 :  : CategorySorter :  :  : CODING PROBLEM	After-ID 'LocalPDBLoadNodeFactory2' of [com.vernalis.nodes.io.pdb.savelocal.SavePDBLocalNodeFactory] does not exist - in plug-in com.vernalis.knime
2020-06-05 17:27:20,436 : ERROR : Worker-0 :  : CategorySorter :  :  : CODING PROBLEM	After-ID 'SavePDBLocalNodeFactory' of [com.vernalis.nodes.pdb.props.PdbPropertiesNodeFactory] does not exist - in plug-in com.vernalis.knime
2020-06-05 17:27:20,437 : ERROR : Worker-7 :  : CategorySorter :  :  : CODING PROBLEM	After-ID 'social-media' of [Id: report Name: Reporting After-id: social-media] does not exist - in plug-in org.knime.base
2020-06-05 17:27:22,184 : ERROR : Worker-8 :  : CategorySorter :  :  : CODING PROBLEM	After-ID 'fps' of [Id: misc Name: Miscellaneous After-id: fps] does not exist - in plug-in com.vernalis.knime
