
p.0:: 3
p.1:: 4
p.10:: 5
p.100:: 4
p.101:: 3
p.102:: 3
p.103:: 4
p.104:: 3
p.105:: 4
p.106:: 3
p.107:: 3
p.108:: 4
p.109:: 3
p.11:: 3
p.110:: 3
p.111:: 4
p.112:: 3
p.113:: 3
p.114:: 7
p.115:: 4
p.116:: 3
p.117:: 3
p.118:: 3
p.119:: 4
p.12:: 4
p.120:: 3
p.121:: 3
p.122:: 3
p.123:: 3
p.124:: 4
p.125:: 3
p.126:: 3
p.127:: 4
p.128:: 3
p.129:: 3
p.13:: 3
p.130:: 3
p.131:: 4
p.132:: 3
p.133:: 3
p.134:: 3
p.135:: 4
p.136:: 3
p.137:: 3
p.138:: 3
p.139:: 4
p.14:: 3
p.140:: 3
p.141:: 3
p.142:: 5
p.143:: 3
p.144:: 3
p.145:: 4
p.146:: 3
p.147:: 3
p.148:: 4
p.149:: 3
p.15:: 3
p.150:: 3
p.151:: 3
p.152:: 3
p.153:: 3
p.154:: 4
p.155:: 3
p.156:: 4
p.157:: 3
p.158:: 4
p.159:: 3
p.16:: 3
p.160:: 4
p.161:: 2
p.162:: 4
p.163:: 3
p.164:: 4
p.165:: 4
p.166:: 3
p.167:: 4
p.168:: 3
p.169:: 4
p.17:: 4
p.170:: 3
p.171:: 3
p.172:: 3
p.173:: 4
p.174:: 3
p.175:: 3
p.176:: 3
p.177:: 4
p.178:: 3
p.179:: 3
p.18:: 3
p.180:: 3
p.181:: 4
p.182:: 3
p.183:: 4
p.184:: 3
p.185:: 3
p.186:: 4
p.187:: 3
p.188:: 3
p.189:: 4
p.19:: 3
p.190:: 4
p.191:: 3
p.192:: 3
p.193:: 5
p.194:: 4
p.195:: 3
p.196:: 3
p.197:: 3
p.198:: 5
p.199:: 3
p.2:: 3
p.20:: 3
p.200:: 3
p.201:: 3
p.202:: 3
p.203:: 4
p.204:: 3
p.205:: 4
p.206:: 4
p.207:: 3
p.208:: 3
p.209:: 4
p.21:: 4
p.210:: 4
p.211:: 1
p.22:: 3
p.23:: 3
p.24:: 3
p.25:: 4
p.26:: 3
p.27:: 4
p.28:: 4
p.29:: 3
p.3:: 3
p.30:: 3
p.31:: 5
p.32:: 3
p.33:: 4
p.34:: 3
p.35:: 3
p.36:: 4
p.37:: 4
p.38:: 4
p.39:: 3
p.4:: 3
p.40:: 3
p.41:: 4
p.42:: 3
p.43:: 4
p.44:: 3
p.45:: 4
p.46:: 3
p.47:: 3
p.48:: 4
p.49:: 3
p.5:: 3
p.50:: 3
p.51:: 3
p.52:: 4
p.53:: 3
p.54:: 3
p.55:: 3
p.56:: 4
p.57:: 3
p.58:: 3
p.59:: 4
p.6:: 3
p.60:: 3
p.61:: 3
p.62:: 4
p.63:: 3
p.64:: 5
p.65:: 4
p.66:: 3
p.67:: 4
p.68:: 4
p.69:: 3
p.7:: 3
p.70:: 4
p.71:: 3
p.72:: 5
p.73:: 4
p.74:: 4
p.75:: 3
p.76:: 3
p.77:: 4
p.78:: 3
p.79:: 4
p.8:: 4
p.80:: 3
p.81:: 4
p.82:: 3
p.83:: 3
p.84:: 3
p.85:: 4
p.86:: 3
p.87:: 3
p.88:: 4
p.89:: 4
p.9:: 3
p.90:: 75
p.91:: 3
p.92:: 4
p.93:: 3
p.94:: 3
p.95:: 3
p.96:: 4
p.97:: 3
p.98:: 4
p.99:: 3