16:14:27.655 INFO  org.contentmine.ami.tools.AMI - args: [-p, 4-part, section]
16:14:27.707 WARN  org.contentmine.ami.tools.AbstractAMITool - 
16:14:27.708 WARN  org.contentmine.ami.tools.AbstractAMITool - Generic values (AMISectionTool)
16:14:27.709 WARN  org.contentmine.ami.tools.AbstractAMITool - ================================
16:14:28.687 INFO  org.contentmine.ami.tools.AbstractAMITool - input basename      null
16:14:28.687 INFO  org.contentmine.ami.tools.AbstractAMITool - input basename list null
16:14:28.687 INFO  org.contentmine.ami.tools.AbstractAMITool - cproject            C:\Users\Jeyakumar\Desktop\github\corpus950\4-part
16:14:28.687 INFO  org.contentmine.ami.tools.AbstractAMITool - ctree               
16:14:28.689 INFO  org.contentmine.ami.tools.AbstractAMITool - cTreeList           188 trees [4-part\PMC7171471, 4-part\PMC7172155, 4-part\PMC7
16:14:28.689 INFO  org.contentmine.ami.tools.AbstractAMITool - excludeBase         {}
16:14:28.689 INFO  org.contentmine.ami.tools.AbstractAMITool - excludeTrees        {}
16:14:28.689 INFO  org.contentmine.ami.tools.AbstractAMITool - forceMake           false
16:14:28.690 INFO  org.contentmine.ami.tools.AbstractAMITool - includeBase         {}
16:14:28.690 INFO  org.contentmine.ami.tools.AbstractAMITool - includeTrees        null
16:14:28.690 INFO  org.contentmine.ami.tools.AbstractAMITool - log4j               {}
16:14:28.690 INFO  org.contentmine.ami.tools.AbstractAMITool - verbose             0
16:14:28.690 WARN  org.contentmine.ami.tools.AbstractAMITool - 
16:14:28.691 WARN  org.contentmine.ami.tools.AbstractAMITool - Specific values (AMISectionTool)
16:14:28.692 WARN  org.contentmine.ami.tools.AbstractAMITool - ================================
16:14:28.693 INFO  org.contentmine.ami.tools.AMISectionTool - xslt                    null
16:14:28.693 INFO  org.contentmine.ami.tools.AMISectionTool - boldSections            false
16:14:28.693 INFO  org.contentmine.ami.tools.AMISectionTool - extract                 [table, fig, supplementary]
16:14:28.694 INFO  org.contentmine.ami.tools.AMISectionTool - sectionList             [AUTO]
16:14:28.694 INFO  org.contentmine.ami.tools.AMISectionTool - sectiontype             XML
16:14:28.694 INFO  org.contentmine.ami.tools.AMISectionTool - summaryList             []
16:14:28.694 INFO  org.contentmine.ami.tools.AMISectionTool - write                   true
16:14:28.694 WARN  org.contentmine.ami.tools.AbstractAMITool - AMISectionTool cTree: PMC7171471
16:14:28.698 WARN  org.contentmine.ami.tools.AbstractAMITool - AMISectionTool cTree: PMC7172155
16:14:28.698 WARN  org.contentmine.ami.tools.AbstractAMITool - AMISectionTool cTree: PMC7173238
16:14:28.699 WARN  org.contentmine.ami.tools.AbstractAMITool - AMISectionTool cTree: PMC7173702
16:14:28.699 WARN  org.contentmine.ami.tools.AbstractAMITool - AMISectionTool cTree: PMC7173783
16:14:28.700 WARN  org.contentmine.ami.tools.AbstractAMITool - AMISectionTool cTree: PMC7173960
16:14:28.700 WARN  org.contentmine.ami.tools.AbstractAMITool - AMISectionTool cTree: PMC7175453
16:14:28.701 WARN  org.contentmine.ami.tools.AbstractAMITool - AMISectionTool cTree: PMC7175558
16:14:28.703 WARN  org.contentmine.ami.tools.AbstractAMITool - AMISectionTool cTree: PMC7176985
16:14:28.703 WARN  org.contentmine.ami.tools.AbstractAMITool - AMISectionTool cTree: PMC7178760
16:14:28.704 WARN  org.contentmine.ami.tools.AbstractAMITool - AMISectionTool cTree: PMC7179685
16:14:28.704 WARN  org.contentmine.ami.tools.AbstractAMITool - AMISectionTool cTree: PMC7181926
16:14:28.705 WARN  org.contentmine.ami.tools.AbstractAMITool - AMISectionTool cTree: PMC7181938
16:14:28.705 WARN  org.contentmine.ami.tools.AbstractAMITool - AMISectionTool cTree: PMC7182252
16:14:28.706 WARN  org.contentmine.ami.tools.AbstractAMITool - AMISectionTool cTree: PMC7182292
16:14:28.706 WARN  org.contentmine.ami.tools.AbstractAMITool - AMISectionTool cTree: PMC7182600
16:14:28.706 WARN  org.contentmine.ami.tools.AbstractAMITool - AMISectionTool cTree: PMC7183126
16:14:28.707 WARN  org.contentmine.ami.tools.AbstractAMITool - AMISectionTool cTree: PMC7183472
16:14:28.707 WARN  org.contentmine.ami.tools.AbstractAMITool - AMISectionTool cTree: PMC7183730
16:14:28.708 WARN  org.contentmine.ami.tools.AbstractAMITool - AMISectionTool cTree: PMC7185310
16:14:28.708 WARN  org.contentmine.ami.tools.AbstractAMITool - AMISectionTool cTree: PMC7185698
16:14:28.709 WARN  org.contentmine.ami.tools.AbstractAMITool - AMISectionTool cTree: PMC7186774
16:14:28.709 WARN  org.contentmine.ami.tools.AbstractAMITool - AMISectionTool cTree: PMC7187655
16:14:28.709 WARN  org.contentmine.ami.tools.AbstractAMITool - AMISectionTool cTree: PMC7188197
16:14:28.710 WARN  org.contentmine.ami.tools.AbstractAMITool - AMISectionTool cTree: PMC7189213
16:14:28.710 WARN  org.contentmine.ami.tools.AbstractAMITool - AMISectionTool cTree: PMC7190742
16:14:28.711 WARN  org.contentmine.ami.tools.AbstractAMITool - AMISectionTool cTree: PMC7190837
16:14:28.714 WARN  org.contentmine.ami.tools.AbstractAMITool - AMISectionTool cTree: PMC7190985
16:14:28.715 WARN  org.contentmine.ami.tools.AbstractAMITool - AMISectionTool cTree: PMC7192419
16:14:28.715 WARN  org.contentmine.ami.tools.AbstractAMITool - AMISectionTool cTree: PMC7192973
16:14:28.716 WARN  org.contentmine.ami.tools.AbstractAMITool - AMISectionTool cTree: PMC7198842
16:14:28.716 WARN  org.contentmine.ami.tools.AbstractAMITool - AMISectionTool cTree: PMC7199921
16:14:28.716 WARN  org.contentmine.ami.tools.AbstractAMITool - AMISectionTool cTree: PMC7200043
16:14:28.717 WARN  org.contentmine.ami.tools.AbstractAMITool - AMISectionTool cTree: PMC7201406
16:14:28.717 WARN  org.contentmine.ami.tools.AbstractAMITool - AMISectionTool cTree: PMC7202302
16:14:28.718 WARN  org.contentmine.ami.tools.AbstractAMITool - AMISectionTool cTree: PMC7202625
16:14:28.718 WARN  org.contentmine.ami.tools.AbstractAMITool - AMISectionTool cTree: PMC7203554
16:14:28.719 WARN  org.contentmine.ami.tools.AbstractAMITool - AMISectionTool cTree: PMC7206557
16:14:28.719 WARN  org.contentmine.ami.tools.AbstractAMITool - AMISectionTool cTree: PMC7207162
16:14:28.719 WARN  org.contentmine.ami.tools.AbstractAMITool - AMISectionTool cTree: PMC7210265
16:14:28.720 WARN  org.contentmine.ami.tools.AbstractAMITool - AMISectionTool cTree: PMC7210410
16:14:28.720 WARN  org.contentmine.ami.tools.AbstractAMITool - AMISectionTool cTree: PMC7211204
16:14:28.721 WARN  org.contentmine.ami.tools.AbstractAMITool - AMISectionTool cTree: PMC7211399
16:14:28.721 WARN  org.contentmine.ami.tools.AbstractAMITool - AMISectionTool cTree: PMC7212620
16:14:28.721 WARN  org.contentmine.ami.tools.AbstractAMITool - AMISectionTool cTree: PMC7213748
16:14:28.722 WARN  org.contentmine.ami.tools.AbstractAMITool - AMISectionTool cTree: PMC7215950
16:14:28.722 WARN  org.contentmine.ami.tools.AbstractAMITool - AMISectionTool cTree: PMC7216417
16:14:28.722 WARN  org.contentmine.ami.tools.AbstractAMITool - AMISectionTool cTree: PMC7216668
16:14:28.723 WARN  org.contentmine.ami.tools.AbstractAMITool - AMISectionTool cTree: PMC7218330
16:14:28.726 WARN  org.contentmine.ami.tools.AbstractAMITool - AMISectionTool cTree: PMC7219742
16:14:28.727 WARN  org.contentmine.ami.tools.AbstractAMITool - AMISectionTool cTree: PMC7220504
16:14:28.727 WARN  org.contentmine.ami.tools.AbstractAMITool - AMISectionTool cTree: PMC7225641
16:14:28.728 WARN  org.contentmine.ami.tools.AbstractAMITool - AMISectionTool cTree: PMC7226564
16:14:28.728 WARN  org.contentmine.ami.tools.AbstractAMITool - AMISectionTool cTree: PMC7226716
16:14:28.729 WARN  org.contentmine.ami.tools.AbstractAMITool - AMISectionTool cTree: PMC7227788
16:14:28.729 WARN  org.contentmine.ami.tools.AbstractAMITool - AMISectionTool cTree: PMC7228120
16:14:28.729 WARN  org.contentmine.ami.tools.AbstractAMITool - AMISectionTool cTree: PMC7230280
16:14:28.730 WARN  org.contentmine.ami.tools.AbstractAMITool - AMISectionTool cTree: PMC7230963
16:14:28.731 WARN  org.contentmine.ami.tools.AbstractAMITool - AMISectionTool cTree: PMC7232083
16:14:28.731 WARN  org.contentmine.ami.tools.AbstractAMITool - AMISectionTool cTree: PMC7232137
16:14:28.732 WARN  org.contentmine.ami.tools.AbstractAMITool - AMISectionTool cTree: PMC7232149
16:14:28.732 WARN  org.contentmine.ami.tools.AbstractAMITool - AMISectionTool cTree: PMC7232181
16:14:28.733 WARN  org.contentmine.ami.tools.AbstractAMITool - AMISectionTool cTree: PMC7232189
16:14:28.733 WARN  org.contentmine.ami.tools.AbstractAMITool - AMISectionTool cTree: PMC7232257
16:14:28.733 WARN  org.contentmine.ami.tools.AbstractAMITool - AMISectionTool cTree: PMC7232439
16:14:28.734 WARN  org.contentmine.ami.tools.AbstractAMITool - AMISectionTool cTree: PMC7232486
16:14:28.736 WARN  org.contentmine.ami.tools.AbstractAMITool - AMISectionTool cTree: PMC7232498
16:14:28.737 WARN  org.contentmine.ami.tools.AbstractAMITool - AMISectionTool cTree: PMC7232503
16:14:28.737 WARN  org.contentmine.ami.tools.AbstractAMITool - AMISectionTool cTree: PMC7233267
16:14:28.738 WARN  org.contentmine.ami.tools.AbstractAMITool - AMISectionTool cTree: PMC7233507
16:14:28.738 WARN  org.contentmine.ami.tools.AbstractAMITool - AMISectionTool cTree: PMC7233653
16:14:28.738 WARN  org.contentmine.ami.tools.AbstractAMITool - AMISectionTool cTree: PMC7235449
16:14:28.739 WARN  org.contentmine.ami.tools.AbstractAMITool - AMISectionTool cTree: PMC7235622
16:14:28.739 WARN  org.contentmine.ami.tools.AbstractAMITool - AMISectionTool cTree: PMC7236111
16:14:28.740 WARN  org.contentmine.ami.tools.AbstractAMITool - AMISectionTool cTree: PMC7236501
16:14:28.740 WARN  org.contentmine.ami.tools.AbstractAMITool - AMISectionTool cTree: PMC7236962
16:14:28.740 WARN  org.contentmine.ami.tools.AbstractAMITool - AMISectionTool cTree: PMC7237041
16:14:28.741 WARN  org.contentmine.ami.tools.AbstractAMITool - AMISectionTool cTree: PMC7238209
16:14:28.741 WARN  org.contentmine.ami.tools.AbstractAMITool - AMISectionTool cTree: PMC7238951
16:14:28.741 WARN  org.contentmine.ami.tools.AbstractAMITool - AMISectionTool cTree: PMC7239338
16:14:28.742 WARN  org.contentmine.ami.tools.AbstractAMITool - AMISectionTool cTree: PMC7239382
16:14:28.742 WARN  org.contentmine.ami.tools.AbstractAMITool - AMISectionTool cTree: PMC7240362
16:14:28.743 WARN  org.contentmine.ami.tools.AbstractAMITool - AMISectionTool cTree: PMC7241786
16:14:28.743 WARN  org.contentmine.ami.tools.AbstractAMITool - AMISectionTool cTree: PMC7241834
16:14:28.743 WARN  org.contentmine.ami.tools.AbstractAMITool - AMISectionTool cTree: PMC7242466
16:14:28.744 WARN  org.contentmine.ami.tools.AbstractAMITool - AMISectionTool cTree: PMC7243378
16:14:28.744 WARN  org.contentmine.ami.tools.AbstractAMITool - AMISectionTool cTree: PMC7245076
16:14:28.744 WARN  org.contentmine.ami.tools.AbstractAMITool - AMISectionTool cTree: PMC7245956
16:14:28.750 WARN  org.contentmine.ami.tools.AbstractAMITool - AMISectionTool cTree: PMC7245998
16:14:28.750 WARN  org.contentmine.ami.tools.AbstractAMITool - AMISectionTool cTree: PMC7246361
16:14:28.751 WARN  org.contentmine.ami.tools.AbstractAMITool - AMISectionTool cTree: PMC7247048
16:14:28.751 WARN  org.contentmine.ami.tools.AbstractAMITool - AMISectionTool cTree: PMC7247188
16:14:28.752 WARN  org.contentmine.ami.tools.AbstractAMITool - AMISectionTool cTree: PMC7247193
16:14:28.752 WARN  org.contentmine.ami.tools.AbstractAMITool - AMISectionTool cTree: PMC7248199
16:14:28.753 WARN  org.contentmine.ami.tools.AbstractAMITool - AMISectionTool cTree: PMC7248559
16:14:28.753 WARN  org.contentmine.ami.tools.AbstractAMITool - AMISectionTool cTree: PMC7252251
16:14:28.753 WARN  org.contentmine.ami.tools.AbstractAMITool - AMISectionTool cTree: PMC7252625
16:14:28.754 WARN  org.contentmine.ami.tools.AbstractAMITool - AMISectionTool cTree: PMC7252634
16:14:28.754 WARN  org.contentmine.ami.tools.AbstractAMITool - AMISectionTool cTree: PMC7252670
16:14:28.755 WARN  org.contentmine.ami.tools.AbstractAMITool - AMISectionTool cTree: PMC7253103
16:14:28.755 WARN  org.contentmine.ami.tools.AbstractAMITool - AMISectionTool cTree: PMC7254658
16:14:28.756 WARN  org.contentmine.ami.tools.AbstractAMITool - AMISectionTool cTree: PMC7255596
16:14:28.756 WARN  org.contentmine.ami.tools.AbstractAMITool - AMISectionTool cTree: PMC7255645
16:14:28.757 WARN  org.contentmine.ami.tools.AbstractAMITool - AMISectionTool cTree: PMC7256184
16:14:28.757 WARN  org.contentmine.ami.tools.AbstractAMITool - AMISectionTool cTree: PMC7256917
16:14:28.757 WARN  org.contentmine.ami.tools.AbstractAMITool - AMISectionTool cTree: PMC7258707
16:14:28.761 WARN  org.contentmine.ami.tools.AbstractAMITool - AMISectionTool cTree: PMC7259386
16:14:28.765 WARN  org.contentmine.ami.tools.AbstractAMITool - AMISectionTool cTree: PMC7259492
16:14:28.765 WARN  org.contentmine.ami.tools.AbstractAMITool - AMISectionTool cTree: PMC7259790
16:14:28.766 WARN  org.contentmine.ami.tools.AbstractAMITool - AMISectionTool cTree: PMC7260208
16:14:28.766 WARN  org.contentmine.ami.tools.AbstractAMITool - AMISectionTool cTree: PMC7261124
16:14:28.767 WARN  org.contentmine.ami.tools.AbstractAMITool - AMISectionTool cTree: PMC7261188
16:14:28.767 WARN  org.contentmine.ami.tools.AbstractAMITool - AMISectionTool cTree: PMC7263184
16:14:28.768 WARN  org.contentmine.ami.tools.AbstractAMITool - AMISectionTool cTree: PMC7263602
16:14:28.768 WARN  org.contentmine.ami.tools.AbstractAMITool - AMISectionTool cTree: PMC7265451
16:14:28.769 WARN  org.contentmine.ami.tools.AbstractAMITool - AMISectionTool cTree: PMC7266344
16:14:28.771 WARN  org.contentmine.ami.tools.AbstractAMITool - AMISectionTool cTree: PMC7266482
16:14:28.772 WARN  org.contentmine.ami.tools.AbstractAMITool - AMISectionTool cTree: PMC7266596
16:14:28.772 WARN  org.contentmine.ami.tools.AbstractAMITool - AMISectionTool cTree: PMC7266814
16:14:28.773 WARN  org.contentmine.ami.tools.AbstractAMITool - AMISectionTool cTree: PMC7268205
16:14:28.773 WARN  org.contentmine.ami.tools.AbstractAMITool - AMISectionTool cTree: PMC7268706
16:14:28.773 WARN  org.contentmine.ami.tools.AbstractAMITool - AMISectionTool cTree: PMC7269036
16:14:28.774 WARN  org.contentmine.ami.tools.AbstractAMITool - AMISectionTool cTree: PMC7270858
16:14:28.774 WARN  org.contentmine.ami.tools.AbstractAMITool - AMISectionTool cTree: PMC7270913
16:14:28.775 WARN  org.contentmine.ami.tools.AbstractAMITool - AMISectionTool cTree: PMC7271460
16:14:28.775 WARN  org.contentmine.ami.tools.AbstractAMITool - AMISectionTool cTree: PMC7272714
16:14:28.776 WARN  org.contentmine.ami.tools.AbstractAMITool - AMISectionTool cTree: PMC7273724
16:14:28.776 WARN  org.contentmine.ami.tools.AbstractAMITool - AMISectionTool cTree: PMC7274457
16:14:28.776 WARN  org.contentmine.ami.tools.AbstractAMITool - AMISectionTool cTree: PMC7275077
16:14:28.777 WARN  org.contentmine.ami.tools.AbstractAMITool - AMISectionTool cTree: PMC7277729
16:14:28.777 WARN  org.contentmine.ami.tools.AbstractAMITool - AMISectionTool cTree: PMC7278377
16:14:28.777 WARN  org.contentmine.ami.tools.AbstractAMITool - AMISectionTool cTree: PMC7278535
16:14:28.778 WARN  org.contentmine.ami.tools.AbstractAMITool - AMISectionTool cTree: PMC7279256
16:14:28.778 WARN  org.contentmine.ami.tools.AbstractAMITool - AMISectionTool cTree: PMC7279404
16:14:28.778 WARN  org.contentmine.ami.tools.AbstractAMITool - AMISectionTool cTree: PMC7282336
16:14:28.779 WARN  org.contentmine.ami.tools.AbstractAMITool - AMISectionTool cTree: PMC7283454
16:14:28.779 WARN  org.contentmine.ami.tools.AbstractAMITool - AMISectionTool cTree: PMC7283535
16:14:28.780 WARN  org.contentmine.ami.tools.AbstractAMITool - AMISectionTool cTree: PMC7284042
16:14:28.784 WARN  org.contentmine.ami.tools.AbstractAMITool - AMISectionTool cTree: PMC7284659
16:14:28.785 WARN  org.contentmine.ami.tools.AbstractAMITool - AMISectionTool cTree: PMC7285376
16:14:28.785 WARN  org.contentmine.ami.tools.AbstractAMITool - AMISectionTool cTree: PMC7286216
16:14:28.785 WARN  org.contentmine.ami.tools.AbstractAMITool - AMISectionTool cTree: PMC7286522
16:14:28.786 WARN  org.contentmine.ami.tools.AbstractAMITool - AMISectionTool cTree: PMC7288254
16:14:28.786 WARN  org.contentmine.ami.tools.AbstractAMITool - AMISectionTool cTree: PMC7289343
16:14:28.787 WARN  org.contentmine.ami.tools.AbstractAMITool - AMISectionTool cTree: PMC7289416
16:14:28.787 WARN  org.contentmine.ami.tools.AbstractAMITool - AMISectionTool cTree: PMC7290434
16:14:28.787 WARN  org.contentmine.ami.tools.AbstractAMITool - AMISectionTool cTree: PMC7290441
16:14:28.788 WARN  org.contentmine.ami.tools.AbstractAMITool - AMISectionTool cTree: PMC7290740
16:14:28.788 WARN  org.contentmine.ami.tools.AbstractAMITool - AMISectionTool cTree: PMC7291174
16:14:28.788 WARN  org.contentmine.ami.tools.AbstractAMITool - AMISectionTool cTree: PMC7291249
16:14:28.789 WARN  org.contentmine.ami.tools.AbstractAMITool - AMISectionTool cTree: PMC7293210
16:14:28.789 WARN  org.contentmine.ami.tools.AbstractAMITool - AMISectionTool cTree: PMC7293723
16:14:28.790 WARN  org.contentmine.ami.tools.AbstractAMITool - AMISectionTool cTree: PMC7293853
16:14:28.790 WARN  org.contentmine.ami.tools.AbstractAMITool - AMISectionTool cTree: PMC7294235
16:14:28.790 WARN  org.contentmine.ami.tools.AbstractAMITool - AMISectionTool cTree: PMC7294518
16:14:28.791 WARN  org.contentmine.ami.tools.AbstractAMITool - AMISectionTool cTree: PMC7296089
16:14:28.791 WARN  org.contentmine.ami.tools.AbstractAMITool - AMISectionTool cTree: PMC7296109
16:14:28.791 WARN  org.contentmine.ami.tools.AbstractAMITool - AMISectionTool cTree: PMC7296759
16:14:28.792 WARN  org.contentmine.ami.tools.AbstractAMITool - AMISectionTool cTree: PMC7297309
16:14:28.792 WARN  org.contentmine.ami.tools.AbstractAMITool - AMISectionTool cTree: PMC7297909
16:14:28.793 WARN  org.contentmine.ami.tools.AbstractAMITool - AMISectionTool cTree: PMC7302680
16:14:28.797 WARN  org.contentmine.ami.tools.AbstractAMITool - AMISectionTool cTree: PMC7302871
16:14:28.798 WARN  org.contentmine.ami.tools.AbstractAMITool - AMISectionTool cTree: PMC7302872
16:14:28.799 WARN  org.contentmine.ami.tools.AbstractAMITool - AMISectionTool cTree: PMC7303813
16:14:28.799 WARN  org.contentmine.ami.tools.AbstractAMITool - AMISectionTool cTree: PMC7304608
16:14:28.800 WARN  org.contentmine.ami.tools.AbstractAMITool - AMISectionTool cTree: PMC7304630
16:14:28.800 WARN  org.contentmine.ami.tools.AbstractAMITool - AMISectionTool cTree: PMC7304733
16:14:28.800 WARN  org.contentmine.ami.tools.AbstractAMITool - AMISectionTool cTree: PMC7305415
16:14:28.801 WARN  org.contentmine.ami.tools.AbstractAMITool - AMISectionTool cTree: PMC7307136
16:14:28.801 WARN  org.contentmine.ami.tools.AbstractAMITool - AMISectionTool cTree: PMC7308418
16:14:28.802 WARN  org.contentmine.ami.tools.AbstractAMITool - AMISectionTool cTree: PMC7310742
16:14:28.802 WARN  org.contentmine.ami.tools.AbstractAMITool - AMISectionTool cTree: PMC7312578
16:14:28.803 WARN  org.contentmine.ami.tools.AbstractAMITool - AMISectionTool cTree: PMC7314749
16:14:28.803 WARN  org.contentmine.ami.tools.AbstractAMITool - AMISectionTool cTree: PMC7316228
16:14:28.803 WARN  org.contentmine.ami.tools.AbstractAMITool - AMISectionTool cTree: PMC7316273
16:14:28.804 WARN  org.contentmine.ami.tools.AbstractAMITool - AMISectionTool cTree: PMC7316275
16:14:28.806 WARN  org.contentmine.ami.tools.AbstractAMITool - AMISectionTool cTree: PMC7319105
16:14:28.807 WARN  org.contentmine.ami.tools.AbstractAMITool - AMISectionTool cTree: PMC7319124
16:14:28.807 WARN  org.contentmine.ami.tools.AbstractAMITool - AMISectionTool cTree: PMC7319941
16:14:28.808 WARN  org.contentmine.ami.tools.AbstractAMITool - AMISectionTool cTree: PMC7323528
16:14:28.808 WARN  org.contentmine.ami.tools.AbstractAMITool - AMISectionTool cTree: PMC7324804
16:14:28.809 WARN  org.contentmine.ami.tools.AbstractAMITool - AMISectionTool cTree: PMC7324857
16:14:28.809 WARN  org.contentmine.ami.tools.AbstractAMITool - AMISectionTool cTree: PMC7324928
16:14:28.809 WARN  org.contentmine.ami.tools.AbstractAMITool - AMISectionTool cTree: PMC7325039
16:14:28.810 WARN  org.contentmine.ami.tools.AbstractAMITool - AMISectionTool cTree: PMC7325846
16:14:28.810 WARN  org.contentmine.ami.tools.AbstractAMITool - AMISectionTool cTree: PMC7329513
16:14:28.811 WARN  org.contentmine.ami.tools.AbstractAMITool - AMISectionTool cTree: PMC7330273
16:14:28.811 WARN  org.contentmine.ami.tools.AbstractAMITool - AMISectionTool cTree: PMC7330967
