11:25:26.042 INFO  org.contentmine.ami.tools.AMI - args: [-vv, -p, drugDebug/, search, --dictionary, /Users/pm286/projects/openVirus/dictionaries/testing_and_tracing/test_trace.xml, /Users/pm286/projects/openVirus/dictionaries/drug/dict]
11:25:26.064 DEBUG org.contentmine.ami.tools.AMI - Specified verbosity=2, this translates to level=DEBUG
11:25:26.065 DEBUG org.contentmine.ami.tools.AMI - Reconfiguring Console appender with DEBUG
11:25:26.066 INFO  org.contentmine.ami.tools.AMI - (The console will show DEBUG level messages)
11:25:26.066 INFO  org.contentmine.ami.tools.AMI - (Logs will also be printed to /Users/pm286/projects/openVirus/miniproject/drugDebug/logs/ami.log)
11:25:26.232 DEBUG org.contentmine.ami.tools.AMI - Version: ami 2020.08.09_09.54-NEXT-SNAPSHOT
(jar:file:/Users/pm286/workspace/cmdev/ami3/target/appassembler/repo/ami3-2020.08.09_09.54-NEXT-SNAPSHOT.jar)
JVM: 14.0.1 (Oracle Corporation Java HotSpot(TM) 64-Bit Server VM 14.0.1+7)
OS: Mac OS X 10.14.6 x86_64

11:25:26.233 WARN  org.contentmine.ami.tools.AbstractAMITool - 
11:25:26.233 WARN  org.contentmine.ami.tools.AbstractAMITool - Generic values (AMISearchTool)
11:25:26.233 WARN  org.contentmine.ami.tools.AbstractAMITool - ================================
11:25:26.233 WARN  org.contentmine.ami.tools.AbstractAMITool - not found: cProject must be existing directory or have directory parent: drugDebug/ (/Users/pm286/projects/openVirus/miniproject/drugDebug/drugDebug
11:25:26.234 WARN  org.contentmine.ami.tools.AbstractAMITool - ************************
WARNING: CProject directory does not exist
************************

11:25:26.234 INFO  org.contentmine.ami.tools.AbstractAMITool - input basename      null
11:25:26.234 INFO  org.contentmine.ami.tools.AbstractAMITool - input basename list null
11:25:26.234 INFO  org.contentmine.ami.tools.AbstractAMITool - cproject            
11:25:26.234 INFO  org.contentmine.ami.tools.AbstractAMITool - ctree               
11:25:26.235 INFO  org.contentmine.ami.tools.AbstractAMITool - cTreeList           null
11:25:26.235 INFO  org.contentmine.ami.tools.AbstractAMITool - excludeBase         {}
11:25:26.235 INFO  org.contentmine.ami.tools.AbstractAMITool - excludeTrees        {}
11:25:26.235 INFO  org.contentmine.ami.tools.AbstractAMITool - forceMake           false
11:25:26.235 INFO  org.contentmine.ami.tools.AbstractAMITool - includeBase         {}
11:25:26.235 INFO  org.contentmine.ami.tools.AbstractAMITool - includeTrees        null
11:25:26.235 INFO  org.contentmine.ami.tools.AbstractAMITool - log4j               {}
11:25:26.236 INFO  org.contentmine.ami.tools.AbstractAMITool - verbose             2
11:25:26.236 WARN  org.contentmine.ami.tools.AbstractAMITool - 
11:25:26.236 WARN  org.contentmine.ami.tools.AbstractAMITool - Specific values (AMISearchTool)
11:25:26.236 WARN  org.contentmine.ami.tools.AbstractAMITool - ================================
11:25:26.236 INFO  org.contentmine.ami.tools.AbstractAMITool - Command line options for 'ami search':
11:25:26.239 INFO  org.contentmine.ami.tools.AbstractAMITool - --stripNumbers      : d     false
11:25:26.240 INFO  org.contentmine.ami.tools.AbstractAMITool - --wordCount         : d (20,1000000)
11:25:26.240 INFO  org.contentmine.ami.tools.AbstractAMITool - --wordLength        : d    (1,20)
11:25:26.240 INFO  org.contentmine.ami.tools.AbstractAMITool - --wikidataBiblio    : d     false
11:25:26.241 INFO  org.contentmine.ami.tools.AbstractAMITool - --no-oldstyle       : d      true
11:25:26.241 INFO  org.contentmine.ami.tools.AbstractAMITool - --dictionary        : m [/Users/pm286/projects/openVirus/dictionaries/testing_and_tracing/test_trace.xml, /Users/pm286/projects/openVirus/dictionaries/drug/dict]
11:25:26.241 INFO  org.contentmine.ami.tools.AbstractAMITool - --dictionarySuffix  : d     [xml]
11:25:26.241 INFO  org.contentmine.ami.tools.AbstractAMITool - --dictionaryTop     : d      null
11:25:26.241 INFO  org.contentmine.ami.tools.AbstractAMITool - --ignorePlugins     : d        []
11:25:26.242 INFO  org.contentmine.ami.tools.AbstractAMITool - --help              : d     false
11:25:26.242 INFO  org.contentmine.ami.tools.AbstractAMITool - --version           : d     false
11:25:26.491 INFO  org.contentmine.ami.tools.AMISearchTool - cannot find dictionary: /Users/pm286/projects/openVirus/dictionaries/testing_and_tracing/test_trace.xml
11:25:26.493 INFO  org.contentmine.ami.tools.AMISearchTool - cannot find dictionary: /Users/pm286/projects/openVirus/dictionaries/drug/dict
11:25:26.493 WARN  org.contentmine.ami.tools.AMISearchTool - created COMMAND: word(frequencies)xpath:@count>20~w.stopwords:pmcstop.txt_stopwords.txt search(/Users/pm286/projects/openVirus/dictionaries/testing_and_tracing/test_trace.xml) search(/Users/pm286/projects/openVirus/dictionaries/drug/dict)
11:25:26.495 DEBUG org.contentmine.ami.tools.AbstractAMISearchTool - old style search command); to be changed
11:25:26.495 ERROR org.contentmine.ami.tools.AbstractAMISearchTool - requires cProject
