16:25:50.664 INFO  org.contentmine.ami.tools.AMI - args: [-v, -p, priya_virus1, --output, abstracts, summary, --flatten, --outtype, tab, --glob, **/PMC*/sections/*_front/*_article-meta/*_abstract.xml]
16:25:50.701 DEBUG org.contentmine.ami.tools.AMI - Specified verbosity=1, this translates to level=INFO
16:25:50.701 DEBUG org.contentmine.ami.tools.AMI - Reconfiguring Console appender with INFO
16:25:50.702 INFO  org.contentmine.ami.tools.AMI - (The console will show INFO level messages)
16:25:50.702 INFO  org.contentmine.ami.tools.AMI - (Logs will also be printed to C:\Users\laksm\OneDrive\Desktop\github\openVirus\examples\Priya\logs\ami.log)
16:25:50.706 DEBUG org.contentmine.ami.tools.AMI - Version: ami 2020.08.09_09.54-NEXT-SNAPSHOT
(jar:file:/C:/Users/laksm/OneDrive/Desktop/github/ami3/target/appassembler/repo/ami3-2020.08.09_09.54-NEXT-SNAPSHOT.jar)
JVM: 1.8.0_261 (Oracle Corporation Java HotSpot(TM) Client VM 25.261-b12)
OS: Windows 10 10.0 x86

16:25:50.708 WARN  org.contentmine.ami.tools.AbstractAMITool - 
16:25:50.709 WARN  org.contentmine.ami.tools.AbstractAMITool - Generic values (AMISummaryTool)
16:25:50.713 WARN  org.contentmine.ami.tools.AbstractAMITool - ================================
16:25:50.817 INFO  org.contentmine.ami.tools.AbstractAMITool - input basename      null
16:25:50.819 INFO  org.contentmine.ami.tools.AbstractAMITool - input basename list null
16:25:50.821 INFO  org.contentmine.ami.tools.AbstractAMITool - cproject            C:\Users\laksm\OneDrive\Desktop\github\openVirus\examples\Priya\priya_virus1
16:25:50.831 INFO  org.contentmine.ami.tools.AbstractAMITool - ctree               
16:25:50.836 INFO  org.contentmine.ami.tools.AbstractAMITool - cTreeList           [priya_virus1\PMC7301721, priya_virus1\_summary]
16:25:50.838 INFO  org.contentmine.ami.tools.AbstractAMITool - excludeBase         {}
16:25:50.844 INFO  org.contentmine.ami.tools.AbstractAMITool - excludeTrees        {}
16:25:50.844 INFO  org.contentmine.ami.tools.AbstractAMITool - forceMake           false
16:25:50.845 INFO  org.contentmine.ami.tools.AbstractAMITool - includeBase         {}
16:25:50.857 INFO  org.contentmine.ami.tools.AbstractAMITool - includeTrees        null
16:25:50.858 INFO  org.contentmine.ami.tools.AbstractAMITool - log4j               {}
16:25:50.858 INFO  org.contentmine.ami.tools.AbstractAMITool - verbose             1
16:25:50.858 WARN  org.contentmine.ami.tools.AbstractAMITool - 
16:25:50.859 WARN  org.contentmine.ami.tools.AbstractAMITool - Specific values (AMISummaryTool)
16:25:50.859 WARN  org.contentmine.ami.tools.AbstractAMITool - ================================
16:25:50.860 INFO  org.contentmine.ami.tools.AbstractAMITool - Command line options for 'ami summary':
16:25:50.862 INFO  org.contentmine.ami.tools.AbstractAMITool - --flatten           : m      true
16:25:50.862 INFO  org.contentmine.ami.tools.AbstractAMITool - --glob              : m [**/PMC*/sections/*_front/*_article-meta/*_abstract.xml]
16:25:50.864 INFO  org.contentmine.ami.tools.AbstractAMITool - --outtype           : m     [tab]
16:25:50.865 INFO  org.contentmine.ami.tools.AbstractAMITool - --word              : d     false
16:25:50.867 INFO  org.contentmine.ami.tools.AbstractAMITool - --help              : d     false
16:25:50.868 INFO  org.contentmine.ami.tools.AbstractAMITool - --version           : d     false
16:25:50.868 INFO  org.contentmine.ami.tools.AMISummaryTool - cProject: priya_virus1
16:25:50.910 INFO  org.contentmine.ami.tools.AMISummaryTool - Sum>files: 1;[priya_virus1\PMC7301721\sections\0_front\1_article-meta\16_abstract.xml]
16:25:50.946 DEBUG org.contentmine.ami.tools.AMISummaryTool - TABLE priya_virus1\tidySummary.csv
