11:22:40.004 INFO  org.contentmine.ami.tools.AMI - args: [-p, t, search, --dictionary, openVirus/dictionaries/diseases/disease_spanish.xml]
11:22:40.057 DEBUG org.contentmine.ami.tools.AMI - Specified verbosity=0, this translates to level=WARN
11:22:40.057 DEBUG org.contentmine.ami.tools.AMI - Reconfiguring Console appender with WARN
11:22:40.057 INFO  org.contentmine.ami.tools.AMI - (The console will show WARN level messages)
11:22:40.057 INFO  org.contentmine.ami.tools.AMI - (Logs will also be printed to C:\Users\admin\openVirus\logs\ami.log)
11:22:40.057 DEBUG org.contentmine.ami.tools.AMI - Version: ami 2020.08.09_09.54-NEXT-SNAPSHOT
(jar:file:/C:/Users/admin/ami3/target/appassembler/repo/ami3-2020.08.09_09.54-NEXT-SNAPSHOT.jar)
JVM: 1.8.0_251 (Oracle Corporation Java HotSpot(TM) 64-Bit Server VM 25.251-b08)
OS: Windows 10 10.0 amd64

11:22:40.057 WARN  org.contentmine.ami.tools.AbstractAMITool - 
11:22:40.057 WARN  org.contentmine.ami.tools.AbstractAMITool - Generic values (AMISearchTool)
11:22:40.057 WARN  org.contentmine.ami.tools.AbstractAMITool - ================================
11:22:40.057 WARN  org.contentmine.ami.tools.AbstractAMITool - not found: cProject must be existing directory or have directory parent: t (C:\Users\admin\openVirus\t
11:22:40.057 WARN  org.contentmine.ami.tools.AbstractAMITool - ************************
WARNING: CProject directory does not exist
************************

11:22:40.057 INFO  org.contentmine.ami.tools.AbstractAMITool - input basename      null
11:22:40.057 INFO  org.contentmine.ami.tools.AbstractAMITool - input basename list null
11:22:40.057 INFO  org.contentmine.ami.tools.AbstractAMITool - cproject            
11:22:40.057 INFO  org.contentmine.ami.tools.AbstractAMITool - ctree               
11:22:40.057 INFO  org.contentmine.ami.tools.AbstractAMITool - cTreeList           null
11:22:40.057 INFO  org.contentmine.ami.tools.AbstractAMITool - excludeBase         {}
11:22:40.057 INFO  org.contentmine.ami.tools.AbstractAMITool - excludeTrees        {}
11:22:40.057 INFO  org.contentmine.ami.tools.AbstractAMITool - forceMake           false
11:22:40.057 INFO  org.contentmine.ami.tools.AbstractAMITool - includeBase         {}
11:22:40.057 INFO  org.contentmine.ami.tools.AbstractAMITool - includeTrees        null
11:22:40.057 INFO  org.contentmine.ami.tools.AbstractAMITool - log4j               {}
11:22:40.057 INFO  org.contentmine.ami.tools.AbstractAMITool - verbose             0
11:22:40.057 WARN  org.contentmine.ami.tools.AbstractAMITool - 
11:22:40.057 WARN  org.contentmine.ami.tools.AbstractAMITool - Specific values (AMISearchTool)
11:22:40.057 WARN  org.contentmine.ami.tools.AbstractAMITool - ================================
11:22:40.057 INFO  org.contentmine.ami.tools.AbstractAMITool - Command line options for 'ami search':
11:22:40.074 INFO  org.contentmine.ami.tools.AbstractAMITool - --stripNumbers      : d     false
11:22:40.074 INFO  org.contentmine.ami.tools.AbstractAMITool - --wordCount         : d (20,1000000)
11:22:40.074 INFO  org.contentmine.ami.tools.AbstractAMITool - --wordLength        : d    (1,20)
11:22:40.074 INFO  org.contentmine.ami.tools.AbstractAMITool - --wikidataBiblio    : d     false
11:22:40.074 INFO  org.contentmine.ami.tools.AbstractAMITool - --no-oldstyle       : d      true
11:22:40.074 INFO  org.contentmine.ami.tools.AbstractAMITool - --dictionary        : m [openVirus/dictionaries/diseases/disease_spanish.xml]
11:22:40.074 INFO  org.contentmine.ami.tools.AbstractAMITool - --dictionarySuffix  : d     [xml]
11:22:40.074 INFO  org.contentmine.ami.tools.AbstractAMITool - --dictionaryTop     : d      null
11:22:40.074 INFO  org.contentmine.ami.tools.AbstractAMITool - --ignorePlugins     : d        []
11:22:40.074 INFO  org.contentmine.ami.tools.AbstractAMITool - --help              : d     false
11:22:40.074 INFO  org.contentmine.ami.tools.AbstractAMITool - --version           : d     false
11:22:40.373 INFO  org.contentmine.ami.tools.AMISearchTool - cannot find dictionary: openVirus/dictionaries/diseases/disease_spanish.xml
11:22:40.373 WARN  org.contentmine.ami.tools.AMISearchTool - created COMMAND: word(frequencies)xpath:@count>20~w.stopwords:pmcstop.txt_stopwords.txt search(openVirus/dictionaries/diseases/disease_spanish.xml)
11:22:40.373 DEBUG org.contentmine.ami.tools.AbstractAMISearchTool - old style search command); to be changed
11:22:40.373 ERROR org.contentmine.ami.tools.AbstractAMISearchTool - requires cProject
