
p.0:: 38
p.10:: 8
p.103:: 2
p.105:: 10
p.106:: 8
p.107:: 9
p.109:: 8
p.110:: 1
p.111:: 16
p.112:: 16
p.113:: 1
p.115:: 8
p.116:: 16
p.117:: 3
p.118:: 8
p.12:: 8
p.121:: 16
p.125:: 16
p.127:: 8
p.13:: 16
p.132:: 8
p.137:: 12
p.138:: 16
p.139:: 9
p.14:: 1
p.140:: 16
p.145:: 1
p.146:: 16
p.149:: 8
p.150:: 8
p.151:: 10
p.152:: 8
p.155:: 8
p.157:: 8
p.158:: 2
p.161:: 8
p.165:: 8
p.168:: 8
p.169:: 8
p.17:: 8
p.19:: 11
p.2:: 8
p.20:: 2
p.21:: 16
p.23:: 1
p.26:: 2
p.27:: 8
p.29:: 1
p.3:: 8
p.31:: 2
p.32:: 16
p.33:: 9
p.34:: 1
p.35:: 16
p.36:: 8
p.39:: 8
p.4:: 9
p.41:: 8
p.42:: 2
p.43:: 8
p.44:: 8
p.45:: 17
p.47:: 16
p.48:: 1
p.49:: 1
p.5:: 1
p.50:: 8
p.52:: 16
p.53:: 8
p.57:: 8
p.58:: 18
p.59:: 1
p.6:: 1
p.60:: 8
p.64:: 8
p.65:: 8
p.66:: 9
p.67:: 9
p.68:: 2
p.69:: 1
p.7:: 16
p.70:: 8
p.71:: 2
p.72:: 16
p.73:: 9
p.75:: 16
p.76:: 8
p.78:: 9
p.79:: 18
p.80:: 16
p.82:: 16
p.83:: 16
p.86:: 9
p.87:: 1
p.88:: 16
p.89:: 16
p.90:: 24
p.91:: 16
p.92:: 24
p.93:: 16
p.94:: 2
p.96:: 8
p.97:: 1
p.98:: 8