17:25:29.129 INFO  org.contentmine.ami.tools.AMIDict - args: [-vv, --dictionary, drug, --directory, dict, --input, drugs.sparql.xml, create, --informat=wikisparqlxml, --sparqlmap, wikidata=molecule,term=moleculeLabel,name=moleculeLabel,description=moleculeDescription,wikipedia=wikipedia,_picture=picture,_formula=formule, --synonyms=moleculeAltLabel]
17:25:29.174 DEBUG org.contentmine.ami.tools.AMIDict - Version: 
17:25:29.984 INFO  org.contentmine.ami.tools.dictionary.DictionaryCreationTool - sparql names [moleculeLabel, formule, picture, molecule, moleculeAltLabel, moleculeDescription, wikipedia]
17:25:30.178 INFO  org.contentmine.ami.tools.dictionary.DictionaryCreationTool - results 1504
17:25:30.203 ERROR org.contentmine.ami.tools.dictionary.DictionaryCreationTool - dicc> cannot find binding: wikipedia
17:25:30.472 ERROR org.contentmine.ami.tools.dictionary.DictionaryCreationTool - dicc> cannot find binding: moleculeAltLabel
17:25:30.495 ERROR org.contentmine.ami.tools.dictionary.DictionaryCreationTool - dicc> cannot find binding: moleculeAltLabel
17:25:30.535 ERROR org.contentmine.ami.tools.dictionary.DictionaryCreationTool - dicc> cannot find binding: moleculeAltLabel
17:25:30.542 ERROR org.contentmine.ami.tools.dictionary.DictionaryCreationTool - dicc> cannot find binding: wikipedia
17:25:30.567 ERROR org.contentmine.ami.tools.dictionary.DictionaryCreationTool - dicc> cannot find binding: wikipedia
17:25:30.583 ERROR org.contentmine.ami.tools.dictionary.DictionaryCreationTool - dicc> cannot find binding: moleculeAltLabel
17:25:30.617 ERROR org.contentmine.ami.tools.dictionary.DictionaryCreationTool - dicc> cannot find binding: wikipedia
17:25:30.664 ERROR org.contentmine.ami.tools.dictionary.DictionaryCreationTool - dicc> cannot find binding: wikipedia
17:25:30.679 ERROR org.contentmine.ami.tools.dictionary.DictionaryCreationTool - dicc> cannot find binding: wikipedia
17:25:30.718 ERROR org.contentmine.ami.tools.dictionary.DictionaryCreationTool - dicc> cannot find binding: moleculeAltLabel
17:25:30.727 ERROR org.contentmine.ami.tools.dictionary.DictionaryCreationTool - dicc> cannot find binding: moleculeAltLabel
17:25:30.732 ERROR org.contentmine.ami.tools.dictionary.DictionaryCreationTool - dicc> cannot find binding: moleculeAltLabel
17:25:30.762 ERROR org.contentmine.ami.tools.dictionary.DictionaryCreationTool - dicc> cannot find binding: moleculeAltLabel
17:25:30.787 ERROR org.contentmine.ami.tools.dictionary.DictionaryCreationTool - dicc> cannot find binding: wikipedia
17:25:30.798 ERROR org.contentmine.ami.tools.dictionary.DictionaryCreationTool - dicc> cannot find binding: moleculeAltLabel
17:25:30.803 ERROR org.contentmine.ami.tools.dictionary.DictionaryCreationTool - dicc> cannot find binding: moleculeAltLabel
17:25:30.874 ERROR org.contentmine.ami.tools.dictionary.DictionaryCreationTool - dicc> cannot find binding: moleculeAltLabel
17:25:30.897 ERROR org.contentmine.ami.tools.dictionary.DictionaryCreationTool - dicc> cannot find binding: moleculeAltLabel
17:25:30.903 ERROR org.contentmine.ami.tools.dictionary.DictionaryCreationTool - dicc> cannot find binding: wikipedia
17:25:30.918 ERROR org.contentmine.ami.tools.dictionary.DictionaryCreationTool - dicc> cannot find binding: moleculeAltLabel
17:25:30.940 ERROR org.contentmine.ami.tools.dictionary.DictionaryCreationTool - dicc> cannot find binding: moleculeAltLabel
17:25:30.994 ERROR org.contentmine.ami.tools.dictionary.DictionaryCreationTool - dicc> cannot find binding: wikipedia
17:25:31.028 ERROR org.contentmine.ami.tools.dictionary.DictionaryCreationTool - dicc> cannot find binding: moleculeAltLabel
17:25:31.104 ERROR org.contentmine.ami.tools.dictionary.DictionaryCreationTool - dicc> cannot find binding: wikipedia
17:25:31.495 ERROR org.contentmine.ami.tools.dictionary.DictionaryCreationTool - dicc> cannot find binding: wikipedia
17:25:31.932 ERROR org.contentmine.ami.tools.dictionary.DictionaryCreationTool - dicc> cannot find binding: moleculeAltLabel
17:25:31.939 ERROR org.contentmine.ami.tools.dictionary.DictionaryCreationTool - dicc> cannot find binding: moleculeAltLabel
17:25:32.032 ERROR org.contentmine.ami.tools.dictionary.DictionaryCreationTool - dicc> cannot find binding: wikipedia
17:25:32.087 ERROR org.contentmine.ami.tools.dictionary.DictionaryCreationTool - dicc> cannot find binding: moleculeAltLabel
17:25:32.164 ERROR org.contentmine.ami.tools.dictionary.DictionaryCreationTool - dicc> cannot find binding: moleculeAltLabel
17:25:32.249 ERROR org.contentmine.ami.tools.dictionary.DictionaryCreationTool - dicc> cannot find binding: moleculeAltLabel
17:25:32.260 ERROR org.contentmine.ami.tools.dictionary.DictionaryCreationTool - dicc> cannot find binding: wikipedia
17:25:32.310 ERROR org.contentmine.ami.tools.dictionary.DictionaryCreationTool - dicc> cannot find binding: wikipedia
17:25:32.349 ERROR org.contentmine.ami.tools.dictionary.DictionaryCreationTool - dicc> cannot find binding: wikipedia
17:25:32.416 ERROR org.contentmine.ami.tools.dictionary.DictionaryCreationTool - dicc> cannot find binding: wikipedia
17:25:32.490 ERROR org.contentmine.ami.tools.dictionary.DictionaryCreationTool - dicc> cannot find binding: moleculeAltLabel
17:25:32.550 ERROR org.contentmine.ami.tools.dictionary.DictionaryCreationTool - dicc> cannot find binding: moleculeAltLabel
17:25:32.611 ERROR org.contentmine.ami.tools.dictionary.DictionaryCreationTool - dicc> cannot find binding: moleculeAltLabel
17:25:32.653 ERROR org.contentmine.ami.tools.dictionary.DictionaryCreationTool - dicc> cannot find binding: wikipedia
17:25:32.710 ERROR org.contentmine.ami.tools.dictionary.DictionaryCreationTool - dicc> cannot find binding: wikipedia
17:25:32.721 ERROR org.contentmine.ami.tools.dictionary.DictionaryCreationTool - dicc> cannot find binding: wikipedia
17:25:32.791 ERROR org.contentmine.ami.tools.dictionary.DictionaryCreationTool - dicc> cannot find binding: wikipedia
17:25:32.851 ERROR org.contentmine.ami.tools.dictionary.DictionaryCreationTool - dicc> cannot find binding: moleculeAltLabel
17:25:32.901 ERROR org.contentmine.ami.tools.dictionary.DictionaryCreationTool - dicc> cannot find binding: moleculeAltLabel
17:25:33.076 ERROR org.contentmine.ami.tools.dictionary.DictionaryCreationTool - dicc> cannot find binding: moleculeAltLabel
17:25:33.080 ERROR org.contentmine.ami.tools.dictionary.DictionaryCreationTool - dicc> cannot find binding: moleculeAltLabel
17:25:33.164 ERROR org.contentmine.ami.tools.dictionary.DictionaryCreationTool - dicc> cannot find binding: moleculeAltLabel
17:25:33.380 ERROR org.contentmine.ami.tools.dictionary.DictionaryCreationTool - dicc> cannot find binding: wikipedia
17:25:33.523 ERROR org.contentmine.ami.tools.dictionary.DictionaryCreationTool - dicc> cannot find binding: wikipedia
17:25:33.528 ERROR org.contentmine.ami.tools.dictionary.DictionaryCreationTool - dicc> cannot find binding: moleculeAltLabel
17:25:33.601 ERROR org.contentmine.ami.tools.dictionary.DictionaryCreationTool - dicc> cannot find binding: wikipedia
17:25:33.612 ERROR org.contentmine.ami.tools.dictionary.DictionaryCreationTool - dicc> cannot find binding: wikipedia
17:25:33.639 ERROR org.contentmine.ami.tools.dictionary.DictionaryCreationTool - dicc> cannot find binding: moleculeAltLabel
17:25:33.659 ERROR org.contentmine.ami.tools.dictionary.DictionaryCreationTool - dicc> cannot find binding: wikipedia
17:25:33.682 ERROR org.contentmine.ami.tools.dictionary.DictionaryCreationTool - dicc> cannot find binding: moleculeAltLabel
17:25:33.734 ERROR org.contentmine.ami.tools.dictionary.DictionaryCreationTool - dicc> cannot find binding: wikipedia
17:25:33.751 ERROR org.contentmine.ami.tools.dictionary.DictionaryCreationTool - dicc> cannot find binding: moleculeAltLabel
17:25:33.799 INFO  org.contentmine.ami.tools.dictionary.DictionaryCreationTool - writing dictionary to C:\Users\admin\openVirus\dictionaries\drug\dict\drug.xml
