20:19:46.996 INFO  org.contentmine.ami.tools.AMI - args: [-p, spanish, search, --dictionary, openVirus/dictionaries/drug/dic_drug9_final/drug.xml]
20:19:47.050 DEBUG org.contentmine.ami.tools.AMI - Specified verbosity=0, this translates to level=WARN
20:19:47.050 DEBUG org.contentmine.ami.tools.AMI - Reconfiguring Console appender with WARN
20:19:47.050 INFO  org.contentmine.ami.tools.AMI - (The console will show WARN level messages)
20:19:47.050 INFO  org.contentmine.ami.tools.AMI - (Logs will also be printed to C:\Users\admin\openVirus\miniproject\logs\ami.log)
20:19:47.050 DEBUG org.contentmine.ami.tools.AMI - Version: ami 2020.08.09_09.54-NEXT-SNAPSHOT
(jar:file:/C:/Users/admin/ami3/target/appassembler/repo/ami3-2020.08.09_09.54-NEXT-SNAPSHOT.jar)
JVM: 1.8.0_251 (Oracle Corporation Java HotSpot(TM) 64-Bit Server VM 25.251-b08)
OS: Windows 10 10.0 amd64

20:19:47.050 WARN  org.contentmine.ami.tools.AbstractAMITool - 
20:19:47.050 WARN  org.contentmine.ami.tools.AbstractAMITool - Generic values (AMISearchTool)
20:19:47.050 WARN  org.contentmine.ami.tools.AbstractAMITool - ================================
20:19:49.488 INFO  org.contentmine.ami.tools.AbstractAMITool - input basename      null
20:19:49.488 INFO  org.contentmine.ami.tools.AbstractAMITool - input basename list null
20:19:49.488 INFO  org.contentmine.ami.tools.AbstractAMITool - cproject            C:\Users\admin\openVirus\miniproject\spanish
20:19:49.488 INFO  org.contentmine.ami.tools.AbstractAMITool - ctree               
20:19:49.488 INFO  org.contentmine.ami.tools.AbstractAMITool - cTreeList           116 trees [spanish\PMC6031425, spanish\PMC6159367, spanish\P
20:19:49.488 INFO  org.contentmine.ami.tools.AbstractAMITool - excludeBase         {}
20:19:49.488 INFO  org.contentmine.ami.tools.AbstractAMITool - excludeTrees        {}
20:19:49.488 INFO  org.contentmine.ami.tools.AbstractAMITool - forceMake           false
20:19:49.488 INFO  org.contentmine.ami.tools.AbstractAMITool - includeBase         {}
20:19:49.488 INFO  org.contentmine.ami.tools.AbstractAMITool - includeTrees        null
20:19:49.488 INFO  org.contentmine.ami.tools.AbstractAMITool - log4j               {}
20:19:49.488 INFO  org.contentmine.ami.tools.AbstractAMITool - verbose             0
20:19:49.488 WARN  org.contentmine.ami.tools.AbstractAMITool - 
20:19:49.488 WARN  org.contentmine.ami.tools.AbstractAMITool - Specific values (AMISearchTool)
20:19:49.488 WARN  org.contentmine.ami.tools.AbstractAMITool - ================================
20:19:49.488 INFO  org.contentmine.ami.tools.AbstractAMITool - Command line options for 'ami search':
20:19:49.488 INFO  org.contentmine.ami.tools.AbstractAMITool - --stripNumbers      : d     false
20:19:49.488 INFO  org.contentmine.ami.tools.AbstractAMITool - --wordCount         : d (20,1000000)
20:19:49.488 INFO  org.contentmine.ami.tools.AbstractAMITool - --wordLength        : d    (1,20)
20:19:49.488 INFO  org.contentmine.ami.tools.AbstractAMITool - --wikidataBiblio    : d     false
20:19:49.488 INFO  org.contentmine.ami.tools.AbstractAMITool - --no-oldstyle       : d      true
20:19:49.488 INFO  org.contentmine.ami.tools.AbstractAMITool - --dictionary        : m [openVirus/dictionaries/drug/dic_drug9_final/drug.xml]
20:19:49.488 INFO  org.contentmine.ami.tools.AbstractAMITool - --dictionarySuffix  : d     [xml]
20:19:49.488 INFO  org.contentmine.ami.tools.AbstractAMITool - --dictionaryTop     : d      null
20:19:49.488 INFO  org.contentmine.ami.tools.AbstractAMITool - --ignorePlugins     : d        []
20:19:49.488 INFO  org.contentmine.ami.tools.AbstractAMITool - --help              : d     false
20:19:49.488 INFO  org.contentmine.ami.tools.AbstractAMITool - --version           : d     false
20:19:49.704 INFO  org.contentmine.ami.tools.AMISearchTool - cannot find dictionary: openVirus/dictionaries/drug/dic_drug9_final/drug.xml
20:19:49.704 WARN  org.contentmine.ami.tools.AMISearchTool - created COMMAND: word(frequencies)xpath:@count>20~w.stopwords:pmcstop.txt_stopwords.txt search(openVirus/dictionaries/drug/dic_drug9_final/drug.xml)
20:19:49.704 DEBUG org.contentmine.ami.tools.AbstractAMISearchTool - old style search command); to be changed
20:19:49.704 WARN  org.contentmine.ami.tools.AMISearchTool - cProject: spanish
20:19:49.704 INFO  org.contentmine.ami.tools.AMISearchTool - cannot find dictionary: openVirus/dictionaries/drug/dic_drug9_final/drug.xml
20:19:49.704 WARN  org.contentmine.ami.tools.AMISearchTool - created COMMAND: word(frequencies)xpath:@count>20~w.stopwords:pmcstop.txt_stopwords.txt search(openVirus/dictionaries/drug/dic_drug9_final/drug.xml)
20:19:49.704 INFO  org.contentmine.ami.tools.AMISearchTool - ASTrunning search: word(frequencies)xpath:@count>20~w.stopwords:pmcstop.txt_stopwords.txt search(openVirus/dictionaries/drug/dic_drug9_final/drug.xml)
20:19:49.704 INFO  org.contentmine.ami.tools.AbstractAMISearchTool - SEARCH running legacy processors
20:19:49.720 WARN  org.contentmine.ami.tools.AbstractAMISearchTool - legacy cmd> word(frequencies)xpath:@count>20~w.stopwords:pmcstop.txt_stopwords.txt
20:19:49.720 WARN  org.contentmine.ami.tools.AbstractAMISearchTool - legacy cmd> search(openVirus/dictionaries/drug/dic_drug9_final/drug.xml)
20:19:49.952 DEBUG org.contentmine.ami.plugins.CommandProcessor - running NORMA -i fulltext.xml -o scholarly.html --transform nlm2html --project spanish
20:19:54.548 DEBUG org.contentmine.ami.plugins.CommandProcessor - 
+++++++++++++++++++running: word; word([frequencies])[{xpath:@count>20}, {w.stopwords:pmcstop.txt stopwords.txt}]
20:19:54.617 WARN  org.contentmine.ami.wordutil.WordSetWrapper - Cannot read stopword stream: /org/contentmine/ami/wordutil, ami3, version 2020/08/09_09/54-NEXT-SNAPSHOT/pmcstop.txt
20:19:54.617 WARN  org.contentmine.ami.wordutil.WordSetWrapper - Cannot read stopword stream: /org/contentmine/ami/wordutil, ami3, version 2020/08/09_09/54-NEXT-SNAPSHOT/stopwords.txt
20:19:55.370 DEBUG org.contentmine.ami.plugins.word.WordCollectionFactory - WCF>created words: 6239
20:19:55.683 DEBUG org.contentmine.ami.plugins.word.WordCollectionFactory - WCF>created words: 1554
20:19:56.081 DEBUG org.contentmine.ami.plugins.word.WordCollectionFactory - WCF>created words: 5674
20:19:56.573 DEBUG org.contentmine.ami.plugins.word.WordCollectionFactory - WCF>created words: 6082
20:19:56.793 DEBUG org.contentmine.ami.plugins.word.WordCollectionFactory - WCF>created words: 4112
20:19:57.104 DEBUG org.contentmine.ami.plugins.word.WordCollectionFactory - WCF>created words: 5719
20:19:57.302 DEBUG org.contentmine.ami.plugins.word.WordCollectionFactory - WCF>created words: 5002
20:19:57.442 DEBUG org.contentmine.ami.plugins.word.WordCollectionFactory - WCF>created words: 1961
20:19:57.744 DEBUG org.contentmine.ami.plugins.word.WordCollectionFactory - WCF>created words: 2875
20:19:57.945 DEBUG org.contentmine.ami.plugins.word.WordCollectionFactory - WCF>created words: 5359
20:19:58.178 DEBUG org.contentmine.ami.plugins.word.WordCollectionFactory - WCF>created words: 16058
20:19:58.309 DEBUG org.contentmine.ami.plugins.word.WordCollectionFactory - WCF>created words: 4790
20:19:58.753 DEBUG org.contentmine.ami.plugins.word.WordCollectionFactory - WCF>created words: 15623
20:19:58.914 DEBUG org.contentmine.ami.plugins.word.WordCollectionFactory - WCF>created words: 1527
20:19:59.015 DEBUG org.contentmine.ami.plugins.word.WordCollectionFactory - WCF>created words: 3228
20:19:59.127 DEBUG org.contentmine.ami.plugins.word.WordCollectionFactory - WCF>created words: 1908
20:19:59.216 DEBUG org.contentmine.ami.plugins.word.WordCollectionFactory - WCF>created words: 2577
20:19:59.228 DEBUG org.contentmine.ami.plugins.word.WordCollectionFactory - no words found to extract
20:19:59.309 DEBUG org.contentmine.ami.plugins.word.WordCollectionFactory - WCF>created words: 4361
20:19:59.560 DEBUG org.contentmine.ami.plugins.word.WordCollectionFactory - no words found to extract
20:19:59.601 DEBUG org.contentmine.ami.plugins.word.WordCollectionFactory - WCF>created words: 7192
20:19:59.671 DEBUG org.contentmine.ami.plugins.word.WordCollectionFactory - WCF>created words: 4749
20:19:59.750 DEBUG org.contentmine.ami.plugins.word.WordCollectionFactory - WCF>created words: 5355
20:19:59.823 DEBUG org.contentmine.ami.plugins.word.WordCollectionFactory - WCF>created words: 3136
20:19:59.903 DEBUG org.contentmine.ami.plugins.word.WordCollectionFactory - WCF>created words: 3053
20:19:59.985 DEBUG org.contentmine.ami.plugins.word.WordCollectionFactory - WCF>created words: 1719
20:20:00.166 DEBUG org.contentmine.ami.plugins.word.WordCollectionFactory - WCF>created words: 10841
20:20:00.298 DEBUG org.contentmine.ami.plugins.word.WordCollectionFactory - WCF>created words: 6520
20:20:00.356 DEBUG org.contentmine.ami.plugins.word.WordCollectionFactory - WCF>created words: 5253
20:20:00.427 DEBUG org.contentmine.ami.plugins.word.WordCollectionFactory - WCF>created words: 2795
20:20:00.468 DEBUG org.contentmine.ami.plugins.word.WordCollectionFactory - WCF>created words: 1052
20:20:00.499 DEBUG org.contentmine.ami.plugins.word.WordCollectionFactory - WCF>created words: 1454
20:20:00.519 DEBUG org.contentmine.ami.plugins.word.WordCollectionFactory - WCF>created words: 3837
20:20:00.530 DEBUG org.contentmine.ami.plugins.word.WordCollectionFactory - no words found to extract
20:20:00.577 DEBUG org.contentmine.ami.plugins.word.WordCollectionFactory - WCF>created words: 8043
20:20:00.635 DEBUG org.contentmine.ami.plugins.word.WordCollectionFactory - WCF>created words: 2116
20:20:00.702 DEBUG org.contentmine.ami.plugins.word.WordCollectionFactory - WCF>created words: 1866
20:20:00.763 DEBUG org.contentmine.ami.plugins.word.WordCollectionFactory - WCF>created words: 5821
20:20:00.883 DEBUG org.contentmine.ami.plugins.word.WordCollectionFactory - WCF>created words: 4117
20:20:01.017 DEBUG org.contentmine.ami.plugins.word.WordCollectionFactory - WCF>created words: 9200
20:20:01.079 DEBUG org.contentmine.ami.plugins.word.WordCollectionFactory - WCF>created words: 3711
20:20:01.128 DEBUG org.contentmine.ami.plugins.word.WordCollectionFactory - WCF>created words: 2485
20:20:01.194 DEBUG org.contentmine.ami.plugins.word.WordCollectionFactory - WCF>created words: 4555
20:20:01.291 DEBUG org.contentmine.ami.plugins.word.WordCollectionFactory - WCF>created words: 1532
20:20:01.329 DEBUG org.contentmine.ami.plugins.word.WordCollectionFactory - WCF>created words: 3921
20:20:01.385 DEBUG org.contentmine.ami.plugins.word.WordCollectionFactory - WCF>created words: 4854
20:20:01.412 DEBUG org.contentmine.ami.plugins.word.WordCollectionFactory - no words found to extract
20:20:01.481 DEBUG org.contentmine.ami.plugins.word.WordCollectionFactory - WCF>created words: 5444
20:20:01.564 DEBUG org.contentmine.ami.plugins.word.WordCollectionFactory - WCF>created words: 2030
20:20:01.733 DEBUG org.contentmine.ami.plugins.word.WordCollectionFactory - WCF>created words: 5862
20:20:01.868 DEBUG org.contentmine.ami.plugins.word.WordCollectionFactory - WCF>created words: 8284
20:20:01.930 DEBUG org.contentmine.ami.plugins.word.WordCollectionFactory - WCF>created words: 5675
20:20:01.934 DEBUG org.contentmine.ami.plugins.word.WordCollectionFactory - no words found to extract
20:20:01.950 DEBUG org.contentmine.ami.plugins.word.WordCollectionFactory - WCF>created words: 1360
20:20:02.112 DEBUG org.contentmine.ami.plugins.word.WordCollectionFactory - WCF>created words: 8084
20:20:02.282 DEBUG org.contentmine.ami.plugins.word.WordCollectionFactory - WCF>created words: 6742
20:20:02.366 DEBUG org.contentmine.ami.plugins.word.WordCollectionFactory - WCF>created words: 933
20:20:02.522 DEBUG org.contentmine.ami.plugins.word.WordCollectionFactory - WCF>created words: 5086
20:20:02.861 DEBUG org.contentmine.ami.plugins.word.WordCollectionFactory - WCF>created words: 6336
20:20:02.953 DEBUG org.contentmine.ami.plugins.word.WordCollectionFactory - WCF>created words: 5357
20:20:02.982 DEBUG org.contentmine.ami.plugins.word.WordCollectionFactory - WCF>created words: 2686
20:20:02.991 DEBUG org.contentmine.ami.plugins.word.WordCollectionFactory - no words found to extract
20:20:03.011 DEBUG org.contentmine.ami.plugins.word.WordCollectionFactory - WCF>created words: 1810
20:20:03.062 DEBUG org.contentmine.ami.plugins.word.WordCollectionFactory - WCF>created words: 4346
20:20:03.146 DEBUG org.contentmine.ami.plugins.word.WordCollectionFactory - WCF>created words: 5349
20:20:03.235 DEBUG org.contentmine.ami.plugins.word.WordCollectionFactory - WCF>created words: 5454
20:20:03.275 DEBUG org.contentmine.ami.plugins.word.WordCollectionFactory - no words found to extract
20:20:03.339 DEBUG org.contentmine.ami.plugins.word.WordCollectionFactory - WCF>created words: 5479
20:20:03.470 DEBUG org.contentmine.ami.plugins.word.WordCollectionFactory - WCF>created words: 1946
20:20:03.555 DEBUG org.contentmine.ami.plugins.word.WordCollectionFactory - WCF>created words: 4921
20:20:03.655 DEBUG org.contentmine.ami.plugins.word.WordCollectionFactory - WCF>created words: 2020
20:20:03.718 DEBUG org.contentmine.ami.plugins.word.WordCollectionFactory - WCF>created words: 1375
20:20:03.718 DEBUG org.contentmine.ami.plugins.word.WordCollectionFactory - no words found to extract
20:20:03.718 DEBUG org.contentmine.ami.plugins.word.WordCollectionFactory - no words found to extract
20:20:03.771 DEBUG org.contentmine.ami.plugins.word.WordCollectionFactory - WCF>created words: 7401
20:20:03.787 DEBUG org.contentmine.ami.plugins.word.WordCollectionFactory - WCF>created words: 1532
20:20:03.803 DEBUG org.contentmine.ami.plugins.word.WordCollectionFactory - no words found to extract
20:20:03.803 DEBUG org.contentmine.ami.plugins.word.WordCollectionFactory - no words found to extract
20:20:03.803 DEBUG org.contentmine.ami.plugins.word.WordCollectionFactory - no words found to extract
20:20:03.803 DEBUG org.contentmine.ami.plugins.word.WordCollectionFactory - no words found to extract
20:20:03.803 DEBUG org.contentmine.ami.plugins.word.WordCollectionFactory - no words found to extract
20:20:03.803 DEBUG org.contentmine.ami.plugins.word.WordCollectionFactory - no words found to extract
20:20:03.872 DEBUG org.contentmine.ami.plugins.word.WordCollectionFactory - WCF>created words: 6685
20:20:03.956 DEBUG org.contentmine.ami.plugins.word.WordCollectionFactory - WCF>created words: 7002
20:20:04.041 DEBUG org.contentmine.ami.plugins.word.WordCollectionFactory - WCF>created words: 1538
20:20:04.050 DEBUG org.contentmine.ami.plugins.word.WordCollectionFactory - no words found to extract
20:20:04.079 DEBUG org.contentmine.ami.plugins.word.WordCollectionFactory - WCF>created words: 3930
20:20:04.120 DEBUG org.contentmine.ami.plugins.word.WordCollectionFactory - WCF>created words: 6321
20:20:04.188 DEBUG org.contentmine.ami.plugins.word.WordCollectionFactory - WCF>created words: 4953
20:20:04.241 DEBUG org.contentmine.ami.plugins.word.WordCollectionFactory - WCF>created words: 5877
20:20:04.257 DEBUG org.contentmine.ami.plugins.word.WordCollectionFactory - WCF>created words: 1852
20:20:04.342 DEBUG org.contentmine.ami.plugins.word.WordCollectionFactory - WCF>created words: 6591
20:20:04.420 DEBUG org.contentmine.ami.plugins.word.WordCollectionFactory - WCF>created words: 6602
20:20:04.489 DEBUG org.contentmine.ami.plugins.word.WordCollectionFactory - WCF>created words: 4109
20:20:04.558 DEBUG org.contentmine.ami.plugins.word.WordCollectionFactory - WCF>created words: 1803
20:20:04.831 DEBUG org.contentmine.ami.plugins.word.WordCollectionFactory - WCF>created words: 1690
20:20:04.876 DEBUG org.contentmine.ami.plugins.word.WordCollectionFactory - WCF>created words: 622
20:20:05.008 DEBUG org.contentmine.ami.plugins.word.WordCollectionFactory - WCF>created words: 6102
20:20:05.062 DEBUG org.contentmine.ami.plugins.word.WordCollectionFactory - no words found to extract
20:20:05.062 DEBUG org.contentmine.ami.plugins.word.WordCollectionFactory - no words found to extract
20:20:05.062 DEBUG org.contentmine.ami.plugins.word.WordCollectionFactory - no words found to extract
20:20:05.108 DEBUG org.contentmine.ami.plugins.word.WordCollectionFactory - WCF>created words: 1676
20:20:05.209 DEBUG org.contentmine.ami.plugins.word.WordCollectionFactory - WCF>created words: 6837
20:20:05.224 DEBUG org.contentmine.ami.plugins.word.WordCollectionFactory - no words found to extract
20:20:05.262 DEBUG org.contentmine.ami.plugins.word.WordCollectionFactory - WCF>created words: 1803
20:20:05.394 DEBUG org.contentmine.ami.plugins.word.WordCollectionFactory - WCF>created words: 6463
20:20:05.449 DEBUG org.contentmine.ami.plugins.word.WordCollectionFactory - no words found to extract
20:20:05.469 DEBUG org.contentmine.ami.plugins.word.WordCollectionFactory - no words found to extract
20:20:05.479 DEBUG org.contentmine.ami.plugins.word.WordCollectionFactory - no words found to extract
20:20:05.487 DEBUG org.contentmine.ami.plugins.word.WordCollectionFactory - no words found to extract
20:20:05.489 DEBUG org.contentmine.ami.plugins.word.WordCollectionFactory - no words found to extract
20:20:05.761 DEBUG org.contentmine.ami.plugins.word.WordCollectionFactory - WCF>created words: 8359
20:20:05.777 DEBUG org.contentmine.ami.plugins.word.WordCollectionFactory - no words found to extract
20:20:05.777 DEBUG org.contentmine.ami.plugins.word.WordCollectionFactory - no words found to extract
20:20:05.777 DEBUG org.contentmine.ami.plugins.word.WordCollectionFactory - no words found to extract
20:20:05.777 DEBUG org.contentmine.ami.plugins.word.WordCollectionFactory - no words found to extract
20:20:12.749 DEBUG org.contentmine.ami.plugins.CommandProcessor - 
+++++++++++++++++++running: search; search([openVirus/dictionaries/drug/dic_drug9_final/drug.xml])[]
20:20:12.749 DEBUG org.contentmine.ami.plugins.search.SearchPluginOption - SEARCH --project spanish -i scholarly.html --sr.search openVirus/dictionaries/drug/dic_drug9_final/drug.xml
20:20:12.885 INFO  org.contentmine.ami.tools.AbstractAMISearchTool - Running oldstyle datatales
20:20:12.885 WARN  org.contentmine.ami.plugins.CommandProcessor - 
create data tables
20:20:13.351 DEBUG org.contentmine.ami.AMIProcessor - dicts: [openVirus/dictionaries/drug/dic_drug9_final/drug.xml]
20:20:13.351 DEBUG org.contentmine.ami.AMIProcessor - Analysing facets: [openVirus/dictionaries/drug/dic_drug9_final/drug.xml]
20:20:13.744 DEBUG org.contentmine.ami.plugins.OccurrenceAnalyzer - Globbed 0 results files under (spanish) with regex (.*\\drug\\results\.xml)
20:20:13.798 DEBUG org.contentmine.ami.plugins.CooccurrenceAnalyzer - rowA number of elements 0
20:20:13.798 DEBUG org.contentmine.ami.plugins.CooccurrenceAnalyzer - colA number of elements 0
20:20:13.798 DEBUG org.contentmine.ami.plugins.CooccurrenceAnalyzer - rows trees> 0 / []
20:20:13.798 DEBUG org.contentmine.ami.plugins.CooccurrenceAnalyzer - cols trees> 0 / []
20:20:13.798 DEBUG org.contentmine.ami.plugins.CooccurrenceAnalyzer - rows drug / {}
20:20:13.798 DEBUG org.contentmine.ami.plugins.CooccurrenceAnalyzer - cols drug / {}
20:20:13.798 DEBUG org.contentmine.ami.plugins.CooccurrenceAnalyzer - files by rows drug / {}
20:20:13.798 DEBUG org.contentmine.ami.plugins.CooccurrenceAnalyzer - files by cols drug / {}
20:20:13.813 DEBUG org.contentmine.ami.plugins.CooccurrenceAnalyzer - COOC: ()
